[2024-07-19 01:32:47Z INFO HostContext] No proxy settings were found based on environmental variables (http_proxy/https_proxy/HTTP_PROXY/HTTPS_PROXY)
[2024-07-19 01:32:47Z INFO HostContext] Well known directory 'Bin': '/home/alan/assignment-4/assignment-4-thealanizquierdo/bin'
[2024-07-19 01:32:47Z INFO HostContext] Well known directory 'Root': '/home/alan/assignment-4/assignment-4-thealanizquierdo'
[2024-07-19 01:32:47Z INFO HostContext] Well known config file 'Credentials': '/home/alan/assignment-4/assignment-4-thealanizquierdo/.credentials'
[2024-07-19 01:32:47Z INFO HostContext] Well known directory 'Bin': '/home/alan/assignment-4/assignment-4-thealanizquierdo/bin'
[2024-07-19 01:32:47Z INFO HostContext] Well known directory 'Root': '/home/alan/assignment-4/assignment-4-thealanizquierdo'
[2024-07-19 01:32:47Z INFO HostContext] Well known config file 'Runner': '/home/alan/assignment-4/assignment-4-thealanizquierdo/.runner'
[2024-07-19 01:32:47Z INFO Listener] Runner is built for Linux (X64) - linux-x64.
[2024-07-19 01:32:47Z INFO Listener] RuntimeInformation: Linux 5.15.0-113-generic #123~20.04.1-Ubuntu SMP Wed Jun 12 17:33:13 UTC 2024.
[2024-07-19 01:32:47Z INFO Listener] Version: 2.317.0
[2024-07-19 01:32:47Z INFO Listener] Commit: 6dc005ee3690a0303e0d7269b6f60295d22dcfad
[2024-07-19 01:32:47Z INFO Listener] Culture: en-US
[2024-07-19 01:32:47Z INFO Listener] UI Culture: en-US
[2024-07-19 01:32:47Z INFO HostContext] Well known directory 'Bin': '/home/alan/assignment-4/assignment-4-thealanizquierdo/bin'
[2024-07-19 01:32:47Z INFO HostContext] Well known directory 'Root': '/home/alan/assignment-4/assignment-4-thealanizquierdo'
[2024-07-19 01:32:47Z INFO Listener] Validating directory permissions for: '/home/alan/assignment-4/assignment-4-thealanizquierdo'
[2024-07-19 01:32:47Z INFO CommandLineParser] Parse
[2024-07-19 01:32:47Z INFO CommandLineParser] Parsing 1 args
[2024-07-19 01:32:47Z INFO CommandLineParser] parsing argument
[2024-07-19 01:32:47Z INFO CommandLineParser] HasArgs: False
[2024-07-19 01:32:47Z INFO CommandLineParser] Adding Command: run
[2024-07-19 01:32:47Z INFO Listener] Arguments parsed
[2024-07-19 01:32:47Z INFO Runner] ExecuteCommand
[2024-07-19 01:32:47Z INFO ConfigurationStore] currentAssemblyLocation: /home/alan/assignment-4/assignment-4-thealanizquierdo/bin/Runner.Listener.dll
[2024-07-19 01:32:47Z INFO HostContext] Well known directory 'Bin': '/home/alan/assignment-4/assignment-4-thealanizquierdo/bin'
[2024-07-19 01:32:47Z INFO ConfigurationStore] binPath: /home/alan/assignment-4/assignment-4-thealanizquierdo/bin
[2024-07-19 01:32:47Z INFO HostContext] Well known directory 'Bin': '/home/alan/assignment-4/assignment-4-thealanizquierdo/bin'
[2024-07-19 01:32:47Z INFO HostContext] Well known directory 'Root': '/home/alan/assignment-4/assignment-4-thealanizquierdo'
[2024-07-19 01:32:47Z INFO ConfigurationStore] RootFolder: /home/alan/assignment-4/assignment-4-thealanizquierdo
[2024-07-19 01:32:47Z INFO HostContext] Well known directory 'Bin': '/home/alan/assignment-4/assignment-4-thealanizquierdo/bin'
[2024-07-19 01:32:47Z INFO HostContext] Well known directory 'Root': '/home/alan/assignment-4/assignment-4-thealanizquierdo'
[2024-07-19 01:32:47Z INFO HostContext] Well known config file 'Runner': '/home/alan/assignment-4/assignment-4-thealanizquierdo/.runner'
[2024-07-19 01:32:47Z INFO ConfigurationStore] ConfigFilePath: /home/alan/assignment-4/assignment-4-thealanizquierdo/.runner
[2024-07-19 01:32:47Z INFO HostContext] Well known directory 'Bin': '/home/alan/assignment-4/assignment-4-thealanizquierdo/bin'
[2024-07-19 01:32:47Z INFO HostContext] Well known directory 'Root': '/home/alan/assignment-4/assignment-4-thealanizquierdo'
[2024-07-19 01:32:47Z INFO HostContext] Well known config file 'Credentials': '/home/alan/assignment-4/assignment-4-thealanizquierdo/.credentials'
[2024-07-19 01:32:47Z INFO ConfigurationStore] CredFilePath: /home/alan/assignment-4/assignment-4-thealanizquierdo/.credentials
[2024-07-19 01:32:47Z INFO HostContext] Well known directory 'Bin': '/home/alan/assignment-4/assignment-4-thealanizquierdo/bin'
[2024-07-19 01:32:47Z INFO HostContext] Well known directory 'Root': '/home/alan/assignment-4/assignment-4-thealanizquierdo'
[2024-07-19 01:32:47Z INFO HostContext] Well known config file 'MigratedCredentials': '/home/alan/assignment-4/assignment-4-thealanizquierdo/.credentials_migrated'
[2024-07-19 01:32:47Z INFO ConfigurationStore] MigratedCredFilePath: /home/alan/assignment-4/assignment-4-thealanizquierdo/.credentials_migrated
[2024-07-19 01:32:47Z INFO HostContext] Well known directory 'Bin': '/home/alan/assignment-4/assignment-4-thealanizquierdo/bin'
[2024-07-19 01:32:47Z INFO HostContext] Well known directory 'Root': '/home/alan/assignment-4/assignment-4-thealanizquierdo'
[2024-07-19 01:32:47Z INFO HostContext] Well known config file 'Service': '/home/alan/assignment-4/assignment-4-thealanizquierdo/.service'
[2024-07-19 01:32:47Z INFO ConfigurationStore] ServiceConfigFilePath: /home/alan/assignment-4/assignment-4-thealanizquierdo/.service
[2024-07-19 01:32:47Z INFO CommandSettings] Flag 'help': 'False'
[2024-07-19 01:32:47Z INFO CommandSettings] Flag 'version': 'False'
[2024-07-19 01:32:47Z INFO CommandSettings] Flag 'commit': 'False'
[2024-07-19 01:32:47Z INFO CommandSettings] Flag 'check': 'False'
[2024-07-19 01:32:47Z INFO CommandSettings] Command 'configure': 'False'
[2024-07-19 01:32:47Z INFO CommandSettings] Command 'remove': 'False'
[2024-07-19 01:32:47Z INFO CommandSettings] Command 'warmup': 'False'
[2024-07-19 01:32:47Z INFO ConfigurationManager] LoadSettings
[2024-07-19 01:32:47Z INFO ConfigurationStore] IsConfigured()
[2024-07-19 01:32:47Z INFO ConfigurationStore] IsConfigured: False
[2024-07-19 01:32:47Z INFO ConfigurationManager] Is configured: False
[2024-07-19 01:32:47Z ERR  Terminal] WRITE ERROR: An error occurred: Not configured. Run config.(sh/cmd) to configure the runner.
[2024-07-19 01:32:47Z ERR  Listener] GitHub.Runner.Common.NonRetryableException: Not configured. Run config.(sh/cmd) to configure the runner.
   at GitHub.Runner.Listener.Configuration.ConfigurationManager.LoadSettings()
   at GitHub.Runner.Listener.Runner.ExecuteCommand(CommandSettings command)
   at GitHub.Runner.Listener.Program.MainAsync(IHostContext context, String[] args)
