[2024-07-18 05:05:49Z INFO HostContext] No proxy settings were found based on environmental variables (http_proxy/https_proxy/HTTP_PROXY/HTTPS_PROXY)
[2024-07-18 05:05:49Z INFO HostContext] Well known directory 'Bin': '/home/alan/assignment-4/assignment-4-thealanizquierdo/bin'
[2024-07-18 05:05:49Z INFO HostContext] Well known directory 'Root': '/home/alan/assignment-4/assignment-4-thealanizquierdo'
[2024-07-18 05:05:49Z INFO HostContext] Well known config file 'Credentials': '/home/alan/assignment-4/assignment-4-thealanizquierdo/.credentials'
[2024-07-18 05:05:49Z INFO HostContext] Well known directory 'Bin': '/home/alan/assignment-4/assignment-4-thealanizquierdo/bin'
[2024-07-18 05:05:49Z INFO HostContext] Well known directory 'Root': '/home/alan/assignment-4/assignment-4-thealanizquierdo'
[2024-07-18 05:05:49Z INFO HostContext] Well known config file 'Runner': '/home/alan/assignment-4/assignment-4-thealanizquierdo/.runner'
[2024-07-18 05:05:49Z INFO Listener] Runner is built for Linux (X64) - linux-x64.
[2024-07-18 05:05:49Z INFO Listener] RuntimeInformation: Linux 5.15.0-113-generic #123~20.04.1-Ubuntu SMP Wed Jun 12 17:33:13 UTC 2024.
[2024-07-18 05:05:49Z INFO Listener] Version: 2.317.0
[2024-07-18 05:05:49Z INFO Listener] Commit: 6dc005ee3690a0303e0d7269b6f60295d22dcfad
[2024-07-18 05:05:49Z INFO Listener] Culture: en-US
[2024-07-18 05:05:49Z INFO Listener] UI Culture: en-US
[2024-07-18 05:05:49Z INFO HostContext] Well known directory 'Bin': '/home/alan/assignment-4/assignment-4-thealanizquierdo/bin'
[2024-07-18 05:05:49Z INFO HostContext] Well known directory 'Root': '/home/alan/assignment-4/assignment-4-thealanizquierdo'
[2024-07-18 05:05:49Z INFO Listener] Validating directory permissions for: '/home/alan/assignment-4/assignment-4-thealanizquierdo'
[2024-07-18 05:05:49Z INFO CommandLineParser] Parse
[2024-07-18 05:05:49Z INFO CommandLineParser] Parsing 5 args
[2024-07-18 05:05:49Z INFO CommandLineParser] parsing argument
[2024-07-18 05:05:49Z INFO CommandLineParser] HasArgs: False
[2024-07-18 05:05:49Z INFO CommandLineParser] Adding Command: configure
[2024-07-18 05:05:49Z INFO CommandLineParser] parsing argument
[2024-07-18 05:05:49Z INFO CommandLineParser] HasArgs: True
[2024-07-18 05:05:49Z INFO CommandLineParser] arg: url
[2024-07-18 05:05:49Z INFO CommandLineParser] parsing argument
[2024-07-18 05:05:49Z INFO CommandLineParser] HasArgs: True
[2024-07-18 05:05:49Z INFO CommandLineParser] Adding option 'url': 'https://github.com/cu-ecen-aeld/assignment-4-thealanizquierdo'
[2024-07-18 05:05:49Z INFO CommandLineParser] parsing argument
[2024-07-18 05:05:49Z INFO CommandLineParser] HasArgs: True
[2024-07-18 05:05:49Z INFO CommandLineParser] arg: token
[2024-07-18 05:05:49Z INFO CommandLineParser] parsing argument
[2024-07-18 05:05:49Z INFO CommandLineParser] HasArgs: True
[2024-07-18 05:05:49Z INFO CommandLineParser] Adding option 'token': '***'
[2024-07-18 05:05:49Z INFO Listener] Arguments parsed
[2024-07-18 05:05:49Z INFO Runner] ExecuteCommand
[2024-07-18 05:05:49Z INFO ConfigurationStore] currentAssemblyLocation: /home/alan/assignment-4/assignment-4-thealanizquierdo/bin/Runner.Listener.dll
[2024-07-18 05:05:49Z INFO HostContext] Well known directory 'Bin': '/home/alan/assignment-4/assignment-4-thealanizquierdo/bin'
[2024-07-18 05:05:49Z INFO ConfigurationStore] binPath: /home/alan/assignment-4/assignment-4-thealanizquierdo/bin
[2024-07-18 05:05:49Z INFO HostContext] Well known directory 'Bin': '/home/alan/assignment-4/assignment-4-thealanizquierdo/bin'
[2024-07-18 05:05:49Z INFO HostContext] Well known directory 'Root': '/home/alan/assignment-4/assignment-4-thealanizquierdo'
[2024-07-18 05:05:49Z INFO ConfigurationStore] RootFolder: /home/alan/assignment-4/assignment-4-thealanizquierdo
[2024-07-18 05:05:49Z INFO HostContext] Well known directory 'Bin': '/home/alan/assignment-4/assignment-4-thealanizquierdo/bin'
[2024-07-18 05:05:49Z INFO HostContext] Well known directory 'Root': '/home/alan/assignment-4/assignment-4-thealanizquierdo'
[2024-07-18 05:05:49Z INFO HostContext] Well known config file 'Runner': '/home/alan/assignment-4/assignment-4-thealanizquierdo/.runner'
[2024-07-18 05:05:49Z INFO ConfigurationStore] ConfigFilePath: /home/alan/assignment-4/assignment-4-thealanizquierdo/.runner
[2024-07-18 05:05:49Z INFO HostContext] Well known directory 'Bin': '/home/alan/assignment-4/assignment-4-thealanizquierdo/bin'
[2024-07-18 05:05:49Z INFO HostContext] Well known directory 'Root': '/home/alan/assignment-4/assignment-4-thealanizquierdo'
[2024-07-18 05:05:49Z INFO HostContext] Well known config file 'Credentials': '/home/alan/assignment-4/assignment-4-thealanizquierdo/.credentials'
[2024-07-18 05:05:49Z INFO ConfigurationStore] CredFilePath: /home/alan/assignment-4/assignment-4-thealanizquierdo/.credentials
[2024-07-18 05:05:49Z INFO HostContext] Well known directory 'Bin': '/home/alan/assignment-4/assignment-4-thealanizquierdo/bin'
[2024-07-18 05:05:49Z INFO HostContext] Well known directory 'Root': '/home/alan/assignment-4/assignment-4-thealanizquierdo'
[2024-07-18 05:05:49Z INFO HostContext] Well known config file 'MigratedCredentials': '/home/alan/assignment-4/assignment-4-thealanizquierdo/.credentials_migrated'
[2024-07-18 05:05:49Z INFO ConfigurationStore] MigratedCredFilePath: /home/alan/assignment-4/assignment-4-thealanizquierdo/.credentials_migrated
[2024-07-18 05:05:49Z INFO HostContext] Well known directory 'Bin': '/home/alan/assignment-4/assignment-4-thealanizquierdo/bin'
[2024-07-18 05:05:49Z INFO HostContext] Well known directory 'Root': '/home/alan/assignment-4/assignment-4-thealanizquierdo'
[2024-07-18 05:05:49Z INFO HostContext] Well known config file 'Service': '/home/alan/assignment-4/assignment-4-thealanizquierdo/.service'
[2024-07-18 05:05:49Z INFO ConfigurationStore] ServiceConfigFilePath: /home/alan/assignment-4/assignment-4-thealanizquierdo/.service
[2024-07-18 05:05:49Z INFO CommandSettings] Flag 'help': 'False'
[2024-07-18 05:05:49Z INFO CommandSettings] Flag 'version': 'False'
[2024-07-18 05:05:49Z INFO CommandSettings] Flag 'commit': 'False'
[2024-07-18 05:05:49Z INFO CommandSettings] Flag 'check': 'False'
[2024-07-18 05:05:49Z INFO CommandSettings] Command 'configure': 'True'
[2024-07-18 05:05:49Z INFO Terminal] WRITE LINE: 
[2024-07-18 05:05:49Z INFO Terminal] WRITE LINE: --------------------------------------------------------------------------------
[2024-07-18 05:05:49Z INFO Terminal] WRITE LINE: |        ____ _ _   _   _       _          _        _   _                      |
[2024-07-18 05:05:49Z INFO Terminal] WRITE LINE: |       / ___(_) |_| | | |_   _| |__      / \   ___| |_(_) ___  _ __  ___      |
[2024-07-18 05:05:49Z INFO Terminal] WRITE LINE: |      | |  _| | __| |_| | | | | '_ \    / _ \ / __| __| |/ _ \| '_ \/ __|     |
[2024-07-18 05:05:49Z INFO Terminal] WRITE LINE: |      | |_| | | |_|  _  | |_| | |_) |  / ___ \ (__| |_| | (_) | | | \__ \     |
[2024-07-18 05:05:49Z INFO Terminal] WRITE LINE: |       \____|_|\__|_| |_|\__,_|_.__/  /_/   \_\___|\__|_|\___/|_| |_|___/     |
[2024-07-18 05:05:49Z INFO Terminal] WRITE LINE: |                                                                              |
[2024-07-18 05:05:49Z INFO Terminal] WRITE: |                       
[2024-07-18 05:05:49Z INFO Terminal] WRITE: Self-hosted runner registration
[2024-07-18 05:05:49Z INFO Terminal] WRITE LINE:                         |
[2024-07-18 05:05:49Z INFO Terminal] WRITE LINE: |                                                                              |
[2024-07-18 05:05:49Z INFO Terminal] WRITE LINE: --------------------------------------------------------------------------------
[2024-07-18 05:05:49Z INFO ConfigurationManager] ConfigureAsync
[2024-07-18 05:05:49Z INFO CommandSettings] Flag 'generateServiceConfig': 'False'
[2024-07-18 05:05:49Z INFO ConfigurationStore] IsConfigured()
[2024-07-18 05:05:49Z INFO ConfigurationStore] IsConfigured: False
[2024-07-18 05:05:49Z INFO ConfigurationManager] Is configured: False
[2024-07-18 05:05:49Z INFO CommandSettings] Arg 'url': 'https://github.com/cu-ecen-aeld/assignment-4-thealanizquierdo'
[2024-07-18 05:05:49Z INFO CommandSettings] Remove url from Arg dictionary.
[2024-07-18 05:05:49Z INFO CommandSettings] Arg 'token': '***'
[2024-07-18 05:05:49Z INFO CommandSettings] Remove token from Arg dictionary.
[2024-07-18 05:05:50Z INFO ConfigurationManager] Http response code: OK from 'POST https://api.github.com/actions/runner-registration' (FBFD:136CDC:3574D5C:6404F26:6699C0B9)
[2024-07-18 05:05:51Z INFO ConfigurationManager] Using V2 flow: False
[2024-07-18 05:05:51Z INFO ConfigurationManager] cred retrieved via GitHub auth
[2024-07-18 05:05:51Z INFO RunnerServer] EstablishVssConnection
[2024-07-18 05:05:51Z INFO RunnerServer] Establish connection with 100 seconds timeout.
[2024-07-18 05:05:51Z INFO GitHubActionsService] Starting operation Location.GetConnectionData
[2024-07-18 05:05:51Z INFO RunnerServer] EstablishVssConnection
[2024-07-18 05:05:51Z INFO RunnerServer] Establish connection with 60 seconds timeout.
[2024-07-18 05:05:51Z INFO GitHubActionsService] Starting operation Location.GetConnectionData
[2024-07-18 05:05:51Z INFO RunnerServer] EstablishVssConnection
[2024-07-18 05:05:51Z INFO RunnerServer] Establish connection with 60 seconds timeout.
[2024-07-18 05:05:51Z INFO GitHubActionsService] Starting operation Location.GetConnectionData
[2024-07-18 05:05:51Z INFO GitHubActionsService] Finished operation Location.GetConnectionData
[2024-07-18 05:05:51Z INFO GitHubActionsService] Finished operation Location.GetConnectionData
[2024-07-18 05:05:51Z INFO GitHubActionsService] Finished operation Location.GetConnectionData
[2024-07-18 05:05:52Z INFO Terminal] WRITE LINE: 
[2024-07-18 05:05:52Z INFO ConfigurationManager] Test Connection complete.
[2024-07-18 05:05:52Z INFO HostContext] Well known directory 'Bin': '/home/alan/assignment-4/assignment-4-thealanizquierdo/bin'
[2024-07-18 05:05:52Z INFO HostContext] Well known directory 'Root': '/home/alan/assignment-4/assignment-4-thealanizquierdo'
[2024-07-18 05:05:52Z INFO HostContext] Well known config file 'RSACredentials': '/home/alan/assignment-4/assignment-4-thealanizquierdo/.credentials_rsaparams'
[2024-07-18 05:05:52Z INFO RSAFileKeyManager] Creating new RSA key using 2048-bit key length
[2024-07-18 05:05:52Z INFO RSAFileKeyManager] Successfully saved RSA key parameters to file /home/alan/assignment-4/assignment-4-thealanizquierdo/.credentials_rsaparams
[2024-07-18 05:05:52Z INFO RSAFileKeyManager] Which2: 'chmod'
[2024-07-18 05:05:52Z INFO RSAFileKeyManager] Location: '/usr/bin/chmod'
[2024-07-18 05:05:52Z INFO HostContext] Well known directory 'Bin': '/home/alan/assignment-4/assignment-4-thealanizquierdo/bin'
[2024-07-18 05:05:52Z INFO HostContext] Well known directory 'Root': '/home/alan/assignment-4/assignment-4-thealanizquierdo'
[2024-07-18 05:05:52Z INFO ProcessInvokerWrapper] Starting process:
[2024-07-18 05:05:52Z INFO ProcessInvokerWrapper]   File name: '/usr/bin/chmod'
[2024-07-18 05:05:52Z INFO ProcessInvokerWrapper]   Arguments: '600 /home/alan/assignment-4/assignment-4-thealanizquierdo/.credentials_rsaparams'
[2024-07-18 05:05:52Z INFO ProcessInvokerWrapper]   Working directory: '/home/alan/assignment-4/assignment-4-thealanizquierdo'
[2024-07-18 05:05:52Z INFO ProcessInvokerWrapper]   Require exit code zero: 'False'
[2024-07-18 05:05:52Z INFO ProcessInvokerWrapper]   Encoding web name:  ; code page: ''
[2024-07-18 05:05:52Z INFO ProcessInvokerWrapper]   Force kill process on cancellation: 'False'
[2024-07-18 05:05:52Z INFO ProcessInvokerWrapper]   Redirected STDIN: 'False'
[2024-07-18 05:05:52Z INFO ProcessInvokerWrapper]   Persist current code page: 'False'
[2024-07-18 05:05:52Z INFO ProcessInvokerWrapper]   Keep redirected STDIN open: 'False'
[2024-07-18 05:05:52Z INFO ProcessInvokerWrapper]   High priority process: 'False'
[2024-07-18 05:05:52Z INFO ProcessInvokerWrapper] Process started with process id 267849, waiting for process exit.
[2024-07-18 05:05:52Z INFO ProcessInvokerWrapper] STDOUT/STDERR stream read finished.
[2024-07-18 05:05:52Z INFO ProcessInvokerWrapper] STDOUT/STDERR stream read finished.
[2024-07-18 05:05:52Z INFO ProcessInvokerWrapper] Finished process 267849 with exit code 0, and elapsed time 00:00:00.0126444.
[2024-07-18 05:05:52Z INFO RSAFileKeyManager] Successfully set permissions for RSA key parameters file /home/alan/assignment-4/assignment-4-thealanizquierdo/.credentials_rsaparams
[2024-07-18 05:05:52Z INFO CommandSettings] Arg 'runnergroup': ''
[2024-07-18 05:05:52Z INFO CommandSettings] Flag 'unattended': 'False'
[2024-07-18 05:05:52Z INFO PromptManager] ReadValue
[2024-07-18 05:05:52Z INFO Terminal] WRITE: Enter the name of the runner group to add this runner to: 
[2024-07-18 05:05:52Z INFO Terminal] WRITE: [press Enter for Default] 
[2024-07-18 05:05:52Z INFO Terminal] READ LINE
[2024-07-18 05:05:56Z INFO Terminal] Read value: ''
[2024-07-18 05:05:56Z INFO PromptManager] Falling back to the default: 'Default'
[2024-07-18 05:05:56Z INFO Terminal] WRITE LINE: 
[2024-07-18 05:05:56Z INFO ConfigurationManager] Found a self-hosted runner group with id 1 and name Default
[2024-07-18 05:05:56Z INFO CommandSettings] Flag 'disableupdate': 'False'
[2024-07-18 05:05:56Z INFO CommandSettings] Flag 'ephemeral': 'False'
[2024-07-18 05:05:56Z INFO CommandSettings] Arg 'name': ''
[2024-07-18 05:05:56Z INFO CommandSettings] Flag 'unattended': 'False'
[2024-07-18 05:05:56Z INFO PromptManager] ReadValue
[2024-07-18 05:05:56Z INFO Terminal] WRITE: Enter the name of runner: 
[2024-07-18 05:05:56Z INFO Terminal] WRITE: [press Enter for Unbuntu] 
[2024-07-18 05:05:56Z INFO Terminal] READ LINE
[2024-07-18 05:05:56Z INFO Terminal] Read value: ''
[2024-07-18 05:05:56Z INFO PromptManager] Falling back to the default: 'Unbuntu'
[2024-07-18 05:05:56Z INFO Terminal] WRITE LINE: 
[2024-07-18 05:05:56Z INFO CommandSettings] Arg 'labels': ''
[2024-07-18 05:05:56Z INFO CommandSettings] Flag 'unattended': 'False'
[2024-07-18 05:05:56Z INFO PromptManager] ReadValue
[2024-07-18 05:05:56Z INFO Terminal] WRITE: This runner will have the following labels: 'self-hosted', 'Linux', 'X64' 
Enter any additional labels (ex. label-1,label-2): 
[2024-07-18 05:05:56Z INFO Terminal] WRITE: [press Enter to skip] 
[2024-07-18 05:05:56Z INFO Terminal] READ LINE
[2024-07-18 05:05:57Z INFO Terminal] Read value: ''
[2024-07-18 05:05:57Z INFO Terminal] WRITE LINE: 
[2024-07-18 05:05:57Z INFO CommandSettings] Flag 'disableupdate': 'False'
[2024-07-18 05:05:57Z INFO CommandSettings] Flag 'no-default-labels': 'False'
[2024-07-18 05:05:57Z INFO CommandSettings] Flag 'disableupdate': 'False'
[2024-07-18 05:05:57Z INFO CommandSettings] Flag 'ephemeral': 'False'
[2024-07-18 05:05:57Z INFO ConfigurationStore] Saving OAuth credential @ /home/alan/assignment-4/assignment-4-thealanizquierdo/.credentials
[2024-07-18 05:05:57Z INFO ConfigurationStore] Credentials Saved.
[2024-07-18 05:05:57Z INFO ConfigurationStore] HasCredentials()
[2024-07-18 05:05:57Z INFO ConfigurationStore] stored True
[2024-07-18 05:05:57Z INFO CredentialManager] GetCredentialProvider
[2024-07-18 05:05:57Z INFO CredentialManager] Creating type OAuth
[2024-07-18 05:05:57Z INFO CredentialManager] Creating credential type: OAuth
[2024-07-18 05:05:57Z INFO RSAFileKeyManager] Loading RSA key parameters from file /home/alan/assignment-4/assignment-4-thealanizquierdo/.credentials_rsaparams
[2024-07-18 05:05:57Z INFO RunnerServer] EstablishVssConnection
[2024-07-18 05:05:57Z INFO RunnerServer] Establish connection with 100 seconds timeout.
[2024-07-18 05:05:57Z INFO GitHubActionsService] Starting operation Location.GetConnectionData
[2024-07-18 05:05:57Z INFO RunnerServer] EstablishVssConnection
[2024-07-18 05:05:57Z INFO RunnerServer] Establish connection with 60 seconds timeout.
[2024-07-18 05:05:57Z INFO GitHubActionsService] Starting operation Location.GetConnectionData
[2024-07-18 05:05:57Z INFO RunnerServer] EstablishVssConnection
[2024-07-18 05:05:57Z INFO RunnerServer] Establish connection with 60 seconds timeout.
[2024-07-18 05:05:57Z INFO GitHubActionsService] Starting operation Location.GetConnectionData
[2024-07-18 05:05:57Z INFO GitHubActionsService] Finished operation Location.GetConnectionData
[2024-07-18 05:05:57Z INFO GitHubActionsService] Finished operation Location.GetConnectionData
[2024-07-18 05:05:57Z INFO GitHubActionsService] Finished operation Location.GetConnectionData
[2024-07-18 05:05:58Z INFO RSAFileKeyManager] Loading RSA key parameters from file /home/alan/assignment-4/assignment-4-thealanizquierdo/.credentials_rsaparams
[2024-07-18 05:05:58Z INFO RSAFileKeyManager] Loading RSA key parameters from file /home/alan/assignment-4/assignment-4-thealanizquierdo/.credentials_rsaparams
[2024-07-18 05:05:58Z ERR  GitHubActionsService] POST request to https://vstoken.actions.githubusercontent.com/_apis/oauth2/token/32d8f0aa-6dcb-4aa3-a9bc-59929f859f8d failed. HTTP Status: BadRequest, AFD Ref: Ref A: 8BD99446FE0C46989D3560D71862C034 Ref B: BL2AA2030106045 Ref C: 2024-07-19T01:26:25Z
[2024-07-18 05:05:58Z INFO GitHubActionsService] AAD Correlation ID for this token request: Unknown
[2024-07-18 05:05:58Z ERR  ConfigurationManager] Catch exception during test agent connection.
[2024-07-18 05:05:58Z ERR  ConfigurationManager] GitHub.Services.OAuth.VssOAuthTokenRequestException: The token expired on 07/18/2024 05:10:58. Current server time is 07/19/2024 01:26:25.
   at GitHub.Services.OAuth.VssOAuthTokenProvider.OnGetTokenAsync(IssuedToken failedToken, CancellationToken cancellationToken)
   at GitHub.Services.Common.IssuedTokenProvider.GetTokenOperation.GetTokenAsync(VssTraceActivity traceActivity)
   at GitHub.Services.Common.IssuedTokenProvider.GetTokenAsync(IssuedToken failedToken, CancellationToken cancellationToken)
   at GitHub.Services.Common.VssHttpMessageHandler.SendAsync(HttpRequestMessage request, CancellationToken cancellationToken)
   at GitHub.Services.Common.VssHttpRetryMessageHandler.SendAsync(HttpRequestMessage request, CancellationToken cancellationToken)
   at System.Net.Http.HttpClient.<SendAsync>g__Core|83_0(HttpRequestMessage request, HttpCompletionOption completionOption, CancellationTokenSource cts, Boolean disposeCts, CancellationTokenSource pendingRequestsCts, CancellationToken originalCancellationToken)
   at GitHub.Services.WebApi.VssHttpClientBase.SendAsync(HttpRequestMessage message, HttpCompletionOption completionOption, Object userState, CancellationToken cancellationToken)
   at GitHub.Services.WebApi.VssHttpClientBase.SendAsync[T](HttpRequestMessage message, Object userState, CancellationToken cancellationToken)
   at GitHub.Services.WebApi.VssHttpClientBase.SendAsync[T](HttpMethod method, IEnumerable`1 additionalHeaders, Guid locationId, Object routeValues, ApiResourceVersion version, HttpContent content, IEnumerable`1 queryParameters, Object userState, CancellationToken cancellationToken)
   at GitHub.Runner.Listener.Configuration.ConfigurationManager.ConfigureAsync(CommandSettings command)
[2024-07-18 05:05:58Z ERR  Runner] System.Exception: The local machine's clock may be out of sync with the server time by more than five minutes. Please sync your clock with your domain or internet time and try again.
   at GitHub.Runner.Listener.Configuration.ConfigurationManager.ConfigureAsync(CommandSettings command)
   at GitHub.Runner.Listener.Runner.ExecuteCommand(CommandSettings command)
[2024-07-18 05:05:58Z ERR  Terminal] WRITE ERROR: The local machine's clock may be out of sync with the server time by more than five minutes. Please sync your clock with your domain or internet time and try again.
[2024-07-18 05:05:58Z INFO Listener] Runner execution has finished with return code 1
