[2024-07-19 01:34:38Z INFO HostContext] No proxy settings were found based on environmental variables (http_proxy/https_proxy/HTTP_PROXY/HTTPS_PROXY)
[2024-07-19 01:34:38Z INFO HostContext] Well known directory 'Bin': '/home/alan/assignment-4/assignment-4-thealanizquierdo/actions-runner/bin'
[2024-07-19 01:34:38Z INFO HostContext] Well known directory 'Root': '/home/alan/assignment-4/assignment-4-thealanizquierdo/actions-runner'
[2024-07-19 01:34:38Z INFO HostContext] Well known config file 'Credentials': '/home/alan/assignment-4/assignment-4-thealanizquierdo/actions-runner/.credentials'
[2024-07-19 01:34:38Z INFO HostContext] Well known directory 'Bin': '/home/alan/assignment-4/assignment-4-thealanizquierdo/actions-runner/bin'
[2024-07-19 01:34:38Z INFO HostContext] Well known directory 'Root': '/home/alan/assignment-4/assignment-4-thealanizquierdo/actions-runner'
[2024-07-19 01:34:38Z INFO HostContext] Well known config file 'Runner': '/home/alan/assignment-4/assignment-4-thealanizquierdo/actions-runner/.runner'
[2024-07-19 01:34:38Z INFO Listener] Runner is built for Linux (X64) - linux-x64.
[2024-07-19 01:34:38Z INFO Listener] RuntimeInformation: Linux 5.15.0-113-generic #123~20.04.1-Ubuntu SMP Wed Jun 12 17:33:13 UTC 2024.
[2024-07-19 01:34:38Z INFO Listener] Version: 2.317.0
[2024-07-19 01:34:38Z INFO Listener] Commit: 6dc005ee3690a0303e0d7269b6f60295d22dcfad
[2024-07-19 01:34:38Z INFO Listener] Culture: en-US
[2024-07-19 01:34:38Z INFO Listener] UI Culture: en-US
[2024-07-19 01:34:38Z INFO HostContext] Well known directory 'Bin': '/home/alan/assignment-4/assignment-4-thealanizquierdo/actions-runner/bin'
[2024-07-19 01:34:38Z INFO HostContext] Well known directory 'Root': '/home/alan/assignment-4/assignment-4-thealanizquierdo/actions-runner'
[2024-07-19 01:34:38Z INFO Listener] Validating directory permissions for: '/home/alan/assignment-4/assignment-4-thealanizquierdo/actions-runner'
[2024-07-19 01:34:38Z INFO CommandLineParser] Parse
[2024-07-19 01:34:38Z INFO CommandLineParser] Parsing 5 args
[2024-07-19 01:34:38Z INFO CommandLineParser] parsing argument
[2024-07-19 01:34:38Z INFO CommandLineParser] HasArgs: False
[2024-07-19 01:34:38Z INFO CommandLineParser] Adding Command: configure
[2024-07-19 01:34:38Z INFO CommandLineParser] parsing argument
[2024-07-19 01:34:38Z INFO CommandLineParser] HasArgs: True
[2024-07-19 01:34:38Z INFO CommandLineParser] arg: url
[2024-07-19 01:34:38Z INFO CommandLineParser] parsing argument
[2024-07-19 01:34:38Z INFO CommandLineParser] HasArgs: True
[2024-07-19 01:34:38Z INFO CommandLineParser] Adding option 'url': 'https://github.com/cu-ecen-aeld/assignment-4-thealanizquierdo'
[2024-07-19 01:34:38Z INFO CommandLineParser] parsing argument
[2024-07-19 01:34:38Z INFO CommandLineParser] HasArgs: True
[2024-07-19 01:34:38Z INFO CommandLineParser] arg: token
[2024-07-19 01:34:38Z INFO CommandLineParser] parsing argument
[2024-07-19 01:34:38Z INFO CommandLineParser] HasArgs: True
[2024-07-19 01:34:38Z INFO CommandLineParser] Adding option 'token': '***'
[2024-07-19 01:34:38Z INFO Listener] Arguments parsed
[2024-07-19 01:34:38Z INFO Runner] ExecuteCommand
[2024-07-19 01:34:38Z INFO ConfigurationStore] currentAssemblyLocation: /home/alan/assignment-4/assignment-4-thealanizquierdo/actions-runner/bin/Runner.Listener.dll
[2024-07-19 01:34:38Z INFO HostContext] Well known directory 'Bin': '/home/alan/assignment-4/assignment-4-thealanizquierdo/actions-runner/bin'
[2024-07-19 01:34:38Z INFO ConfigurationStore] binPath: /home/alan/assignment-4/assignment-4-thealanizquierdo/actions-runner/bin
[2024-07-19 01:34:38Z INFO HostContext] Well known directory 'Bin': '/home/alan/assignment-4/assignment-4-thealanizquierdo/actions-runner/bin'
[2024-07-19 01:34:38Z INFO HostContext] Well known directory 'Root': '/home/alan/assignment-4/assignment-4-thealanizquierdo/actions-runner'
[2024-07-19 01:34:38Z INFO ConfigurationStore] RootFolder: /home/alan/assignment-4/assignment-4-thealanizquierdo/actions-runner
[2024-07-19 01:34:38Z INFO HostContext] Well known directory 'Bin': '/home/alan/assignment-4/assignment-4-thealanizquierdo/actions-runner/bin'
[2024-07-19 01:34:38Z INFO HostContext] Well known directory 'Root': '/home/alan/assignment-4/assignment-4-thealanizquierdo/actions-runner'
[2024-07-19 01:34:38Z INFO HostContext] Well known config file 'Runner': '/home/alan/assignment-4/assignment-4-thealanizquierdo/actions-runner/.runner'
[2024-07-19 01:34:38Z INFO ConfigurationStore] ConfigFilePath: /home/alan/assignment-4/assignment-4-thealanizquierdo/actions-runner/.runner
[2024-07-19 01:34:38Z INFO HostContext] Well known directory 'Bin': '/home/alan/assignment-4/assignment-4-thealanizquierdo/actions-runner/bin'
[2024-07-19 01:34:38Z INFO HostContext] Well known directory 'Root': '/home/alan/assignment-4/assignment-4-thealanizquierdo/actions-runner'
[2024-07-19 01:34:38Z INFO HostContext] Well known config file 'Credentials': '/home/alan/assignment-4/assignment-4-thealanizquierdo/actions-runner/.credentials'
[2024-07-19 01:34:38Z INFO ConfigurationStore] CredFilePath: /home/alan/assignment-4/assignment-4-thealanizquierdo/actions-runner/.credentials
[2024-07-19 01:34:38Z INFO HostContext] Well known directory 'Bin': '/home/alan/assignment-4/assignment-4-thealanizquierdo/actions-runner/bin'
[2024-07-19 01:34:38Z INFO HostContext] Well known directory 'Root': '/home/alan/assignment-4/assignment-4-thealanizquierdo/actions-runner'
[2024-07-19 01:34:38Z INFO HostContext] Well known config file 'MigratedCredentials': '/home/alan/assignment-4/assignment-4-thealanizquierdo/actions-runner/.credentials_migrated'
[2024-07-19 01:34:38Z INFO ConfigurationStore] MigratedCredFilePath: /home/alan/assignment-4/assignment-4-thealanizquierdo/actions-runner/.credentials_migrated
[2024-07-19 01:34:38Z INFO HostContext] Well known directory 'Bin': '/home/alan/assignment-4/assignment-4-thealanizquierdo/actions-runner/bin'
[2024-07-19 01:34:38Z INFO HostContext] Well known directory 'Root': '/home/alan/assignment-4/assignment-4-thealanizquierdo/actions-runner'
[2024-07-19 01:34:38Z INFO HostContext] Well known config file 'Service': '/home/alan/assignment-4/assignment-4-thealanizquierdo/actions-runner/.service'
[2024-07-19 01:34:38Z INFO ConfigurationStore] ServiceConfigFilePath: /home/alan/assignment-4/assignment-4-thealanizquierdo/actions-runner/.service
[2024-07-19 01:34:38Z INFO CommandSettings] Flag 'help': 'False'
[2024-07-19 01:34:38Z INFO CommandSettings] Flag 'version': 'False'
[2024-07-19 01:34:38Z INFO CommandSettings] Flag 'commit': 'False'
[2024-07-19 01:34:38Z INFO CommandSettings] Flag 'check': 'False'
[2024-07-19 01:34:38Z INFO CommandSettings] Command 'configure': 'True'
[2024-07-19 01:34:38Z INFO Terminal] WRITE LINE: 
[2024-07-19 01:34:38Z INFO Terminal] WRITE LINE: --------------------------------------------------------------------------------
[2024-07-19 01:34:38Z INFO Terminal] WRITE LINE: |        ____ _ _   _   _       _          _        _   _                      |
[2024-07-19 01:34:38Z INFO Terminal] WRITE LINE: |       / ___(_) |_| | | |_   _| |__      / \   ___| |_(_) ___  _ __  ___      |
[2024-07-19 01:34:38Z INFO Terminal] WRITE LINE: |      | |  _| | __| |_| | | | | '_ \    / _ \ / __| __| |/ _ \| '_ \/ __|     |
[2024-07-19 01:34:38Z INFO Terminal] WRITE LINE: |      | |_| | | |_|  _  | |_| | |_) |  / ___ \ (__| |_| | (_) | | | \__ \     |
[2024-07-19 01:34:38Z INFO Terminal] WRITE LINE: |       \____|_|\__|_| |_|\__,_|_.__/  /_/   \_\___|\__|_|\___/|_| |_|___/     |
[2024-07-19 01:34:38Z INFO Terminal] WRITE LINE: |                                                                              |
[2024-07-19 01:34:38Z INFO Terminal] WRITE: |                       
[2024-07-19 01:34:38Z INFO Terminal] WRITE: Self-hosted runner registration
[2024-07-19 01:34:38Z INFO Terminal] WRITE LINE:                         |
[2024-07-19 01:34:38Z INFO Terminal] WRITE LINE: |                                                                              |
[2024-07-19 01:34:38Z INFO Terminal] WRITE LINE: --------------------------------------------------------------------------------
[2024-07-19 01:34:38Z INFO ConfigurationManager] ConfigureAsync
[2024-07-19 01:34:38Z INFO CommandSettings] Flag 'generateServiceConfig': 'False'
[2024-07-19 01:34:38Z INFO ConfigurationStore] IsConfigured()
[2024-07-19 01:34:38Z INFO ConfigurationStore] IsConfigured: False
[2024-07-19 01:34:38Z INFO ConfigurationManager] Is configured: False
[2024-07-19 01:34:38Z INFO CommandSettings] Arg 'url': 'https://github.com/cu-ecen-aeld/assignment-4-thealanizquierdo'
[2024-07-19 01:34:38Z INFO CommandSettings] Remove url from Arg dictionary.
[2024-07-19 01:34:38Z INFO CommandSettings] Arg 'token': '***'
[2024-07-19 01:34:38Z INFO CommandSettings] Remove token from Arg dictionary.
[2024-07-19 01:34:39Z INFO ConfigurationManager] Http response code: OK from 'POST https://api.github.com/actions/runner-registration' (FC54:49AA8:34FF35F:6364B0B:6699C2AF)
[2024-07-19 01:34:39Z INFO ConfigurationManager] Using V2 flow: False
[2024-07-19 01:34:39Z INFO ConfigurationManager] cred retrieved via GitHub auth
[2024-07-19 01:34:39Z INFO RunnerServer] EstablishVssConnection
[2024-07-19 01:34:39Z INFO RunnerServer] Establish connection with 100 seconds timeout.
[2024-07-19 01:34:39Z INFO GitHubActionsService] Starting operation Location.GetConnectionData
[2024-07-19 01:34:40Z INFO RunnerServer] EstablishVssConnection
[2024-07-19 01:34:40Z INFO RunnerServer] Establish connection with 60 seconds timeout.
[2024-07-19 01:34:40Z INFO GitHubActionsService] Starting operation Location.GetConnectionData
[2024-07-19 01:34:40Z INFO RunnerServer] EstablishVssConnection
[2024-07-19 01:34:40Z INFO RunnerServer] Establish connection with 60 seconds timeout.
[2024-07-19 01:34:40Z INFO GitHubActionsService] Starting operation Location.GetConnectionData
[2024-07-19 01:34:40Z INFO GitHubActionsService] Finished operation Location.GetConnectionData
[2024-07-19 01:34:40Z INFO GitHubActionsService] Finished operation Location.GetConnectionData
[2024-07-19 01:34:40Z INFO GitHubActionsService] Finished operation Location.GetConnectionData
[2024-07-19 01:34:40Z INFO Terminal] WRITE LINE: 
[2024-07-19 01:34:40Z INFO ConfigurationManager] Test Connection complete.
[2024-07-19 01:34:40Z INFO HostContext] Well known directory 'Bin': '/home/alan/assignment-4/assignment-4-thealanizquierdo/actions-runner/bin'
[2024-07-19 01:34:40Z INFO HostContext] Well known directory 'Root': '/home/alan/assignment-4/assignment-4-thealanizquierdo/actions-runner'
[2024-07-19 01:34:40Z INFO HostContext] Well known config file 'RSACredentials': '/home/alan/assignment-4/assignment-4-thealanizquierdo/actions-runner/.credentials_rsaparams'
[2024-07-19 01:34:40Z INFO RSAFileKeyManager] Creating new RSA key using 2048-bit key length
[2024-07-19 01:34:40Z INFO RSAFileKeyManager] Successfully saved RSA key parameters to file /home/alan/assignment-4/assignment-4-thealanizquierdo/actions-runner/.credentials_rsaparams
[2024-07-19 01:34:40Z INFO RSAFileKeyManager] Which2: 'chmod'
[2024-07-19 01:34:40Z INFO RSAFileKeyManager] Location: '/usr/bin/chmod'
[2024-07-19 01:34:40Z INFO HostContext] Well known directory 'Bin': '/home/alan/assignment-4/assignment-4-thealanizquierdo/actions-runner/bin'
[2024-07-19 01:34:40Z INFO HostContext] Well known directory 'Root': '/home/alan/assignment-4/assignment-4-thealanizquierdo/actions-runner'
[2024-07-19 01:34:40Z INFO ProcessInvokerWrapper] Starting process:
[2024-07-19 01:34:40Z INFO ProcessInvokerWrapper]   File name: '/usr/bin/chmod'
[2024-07-19 01:34:40Z INFO ProcessInvokerWrapper]   Arguments: '600 /home/alan/assignment-4/assignment-4-thealanizquierdo/actions-runner/.credentials_rsaparams'
[2024-07-19 01:34:40Z INFO ProcessInvokerWrapper]   Working directory: '/home/alan/assignment-4/assignment-4-thealanizquierdo/actions-runner'
[2024-07-19 01:34:40Z INFO ProcessInvokerWrapper]   Require exit code zero: 'False'
[2024-07-19 01:34:40Z INFO ProcessInvokerWrapper]   Encoding web name:  ; code page: ''
[2024-07-19 01:34:40Z INFO ProcessInvokerWrapper]   Force kill process on cancellation: 'False'
[2024-07-19 01:34:40Z INFO ProcessInvokerWrapper]   Redirected STDIN: 'False'
[2024-07-19 01:34:40Z INFO ProcessInvokerWrapper]   Persist current code page: 'False'
[2024-07-19 01:34:40Z INFO ProcessInvokerWrapper]   Keep redirected STDIN open: 'False'
[2024-07-19 01:34:40Z INFO ProcessInvokerWrapper]   High priority process: 'False'
[2024-07-19 01:34:40Z INFO ProcessInvokerWrapper] Process started with process id 279827, waiting for process exit.
[2024-07-19 01:34:40Z INFO ProcessInvokerWrapper] STDOUT/STDERR stream read finished.
[2024-07-19 01:34:40Z INFO ProcessInvokerWrapper] STDOUT/STDERR stream read finished.
[2024-07-19 01:34:40Z INFO ProcessInvokerWrapper] Finished process 279827 with exit code 0, and elapsed time 00:00:00.0125487.
[2024-07-19 01:34:40Z INFO RSAFileKeyManager] Successfully set permissions for RSA key parameters file /home/alan/assignment-4/assignment-4-thealanizquierdo/actions-runner/.credentials_rsaparams
[2024-07-19 01:34:40Z INFO CommandSettings] Arg 'runnergroup': ''
[2024-07-19 01:34:40Z INFO CommandSettings] Flag 'unattended': 'False'
[2024-07-19 01:34:40Z INFO PromptManager] ReadValue
[2024-07-19 01:34:40Z INFO Terminal] WRITE: Enter the name of the runner group to add this runner to: 
[2024-07-19 01:34:40Z INFO Terminal] WRITE: [press Enter for Default] 
[2024-07-19 01:34:40Z INFO Terminal] READ LINE
[2024-07-19 01:34:43Z INFO Terminal] Read value: ''
[2024-07-19 01:34:43Z INFO PromptManager] Falling back to the default: 'Default'
[2024-07-19 01:34:43Z INFO Terminal] WRITE LINE: 
[2024-07-19 01:34:43Z INFO ConfigurationManager] Found a self-hosted runner group with id 1 and name Default
[2024-07-19 01:34:43Z INFO CommandSettings] Flag 'disableupdate': 'False'
[2024-07-19 01:34:43Z INFO CommandSettings] Flag 'ephemeral': 'False'
[2024-07-19 01:34:43Z INFO CommandSettings] Arg 'name': ''
[2024-07-19 01:34:43Z INFO CommandSettings] Flag 'unattended': 'False'
[2024-07-19 01:34:43Z INFO PromptManager] ReadValue
[2024-07-19 01:34:43Z INFO Terminal] WRITE: Enter the name of runner: 
[2024-07-19 01:34:43Z INFO Terminal] WRITE: [press Enter for Unbuntu] 
[2024-07-19 01:34:43Z INFO Terminal] READ LINE
[2024-07-19 01:34:44Z INFO Terminal] Read value: ''
[2024-07-19 01:34:44Z INFO PromptManager] Falling back to the default: 'Unbuntu'
[2024-07-19 01:34:44Z INFO Terminal] WRITE LINE: 
[2024-07-19 01:34:44Z INFO CommandSettings] Arg 'labels': ''
[2024-07-19 01:34:44Z INFO CommandSettings] Flag 'unattended': 'False'
[2024-07-19 01:34:44Z INFO PromptManager] ReadValue
[2024-07-19 01:34:44Z INFO Terminal] WRITE: This runner will have the following labels: 'self-hosted', 'Linux', 'X64' 
Enter any additional labels (ex. label-1,label-2): 
[2024-07-19 01:34:44Z INFO Terminal] WRITE: [press Enter to skip] 
[2024-07-19 01:34:44Z INFO Terminal] READ LINE
[2024-07-19 01:34:44Z INFO Terminal] Read value: ''
[2024-07-19 01:34:44Z INFO Terminal] WRITE LINE: 
[2024-07-19 01:34:44Z INFO Terminal] WRITE LINE: A runner exists with the same name
[2024-07-19 01:34:44Z INFO CommandSettings] Flag 'replace': 'False'
[2024-07-19 01:34:44Z INFO CommandSettings] Flag 'unattended': 'False'
[2024-07-19 01:34:44Z INFO PromptManager] ReadValue
[2024-07-19 01:34:44Z INFO Terminal] WRITE: Would you like to replace the existing runner? (Y/N) 
[2024-07-19 01:34:44Z INFO Terminal] WRITE: [press Enter for N] 
[2024-07-19 01:34:44Z INFO Terminal] READ LINE
[2024-07-19 01:34:47Z INFO Terminal] Read value: 'y'
[2024-07-19 01:34:47Z INFO CommandSettings] Flag 'disableupdate': 'False'
[2024-07-19 01:34:47Z INFO CommandSettings] Flag 'no-default-labels': 'False'
[2024-07-19 01:34:48Z INFO CommandSettings] Flag 'disableupdate': 'False'
[2024-07-19 01:34:48Z INFO CommandSettings] Flag 'ephemeral': 'False'
[2024-07-19 01:34:48Z INFO ConfigurationStore] Saving OAuth credential @ /home/alan/assignment-4/assignment-4-thealanizquierdo/actions-runner/.credentials
[2024-07-19 01:34:48Z INFO ConfigurationStore] Credentials Saved.
[2024-07-19 01:34:48Z INFO ConfigurationStore] HasCredentials()
[2024-07-19 01:34:48Z INFO ConfigurationStore] stored True
[2024-07-19 01:34:48Z INFO CredentialManager] GetCredentialProvider
[2024-07-19 01:34:48Z INFO CredentialManager] Creating type OAuth
[2024-07-19 01:34:48Z INFO CredentialManager] Creating credential type: OAuth
[2024-07-19 01:34:48Z INFO RSAFileKeyManager] Loading RSA key parameters from file /home/alan/assignment-4/assignment-4-thealanizquierdo/actions-runner/.credentials_rsaparams
[2024-07-19 01:34:48Z INFO RunnerServer] EstablishVssConnection
[2024-07-19 01:34:48Z INFO RunnerServer] Establish connection with 100 seconds timeout.
[2024-07-19 01:34:48Z INFO GitHubActionsService] Starting operation Location.GetConnectionData
[2024-07-19 01:34:48Z INFO RunnerServer] EstablishVssConnection
[2024-07-19 01:34:48Z INFO RunnerServer] Establish connection with 60 seconds timeout.
[2024-07-19 01:34:48Z INFO GitHubActionsService] Starting operation Location.GetConnectionData
[2024-07-19 01:34:48Z INFO RunnerServer] EstablishVssConnection
[2024-07-19 01:34:48Z INFO RunnerServer] Establish connection with 60 seconds timeout.
[2024-07-19 01:34:48Z INFO GitHubActionsService] Starting operation Location.GetConnectionData
[2024-07-19 01:34:48Z INFO GitHubActionsService] Finished operation Location.GetConnectionData
[2024-07-19 01:34:48Z INFO GitHubActionsService] Finished operation Location.GetConnectionData
[2024-07-19 01:34:48Z INFO GitHubActionsService] Finished operation Location.GetConnectionData
[2024-07-19 01:34:48Z INFO RSAFileKeyManager] Loading RSA key parameters from file /home/alan/assignment-4/assignment-4-thealanizquierdo/actions-runner/.credentials_rsaparams
[2024-07-19 01:34:48Z INFO RSAFileKeyManager] Loading RSA key parameters from file /home/alan/assignment-4/assignment-4-thealanizquierdo/actions-runner/.credentials_rsaparams
[2024-07-19 01:34:48Z INFO GitHubActionsService] AAD Correlation ID for this token request: Unknown
[2024-07-19 01:34:48Z INFO CommandSettings] Arg 'work': ''
[2024-07-19 01:34:48Z INFO CommandSettings] Flag 'unattended': 'False'
[2024-07-19 01:34:48Z INFO PromptManager] ReadValue
[2024-07-19 01:34:48Z INFO Terminal] WRITE: Enter name of work folder: 
[2024-07-19 01:34:48Z INFO Terminal] WRITE: [press Enter for _work] 
[2024-07-19 01:34:48Z INFO Terminal] READ LINE
[2024-07-19 01:34:49Z INFO Terminal] Read value: ''
[2024-07-19 01:34:49Z INFO PromptManager] Falling back to the default: '_work'
[2024-07-19 01:34:49Z INFO ConfigurationStore] Saving runner settings.
[2024-07-19 01:34:49Z INFO ConfigurationStore] Settings Saved.
[2024-07-19 01:34:49Z INFO Terminal] WRITE LINE: 
[2024-07-19 01:34:49Z INFO Terminal] WRITE LINE: 
[2024-07-19 01:34:49Z INFO SystemDControlManager] Service name 'actions.runner.cu-ecen-aeld-assignment-4-thealanizquierdo.Unbuntu.service' display name 'GitHub Actions Runner (cu-ecen-aeld-assignment-4-thealanizquierdo.Unbuntu)' will be used for service configuration.
[2024-07-19 01:34:49Z INFO HostContext] Well known directory 'Bin': '/home/alan/assignment-4/assignment-4-thealanizquierdo/actions-runner/bin'
[2024-07-19 01:34:49Z INFO HostContext] Well known directory 'Root': '/home/alan/assignment-4/assignment-4-thealanizquierdo/actions-runner'
[2024-07-19 01:34:49Z INFO HostContext] Well known directory 'Bin': '/home/alan/assignment-4/assignment-4-thealanizquierdo/actions-runner/bin'
[2024-07-19 01:34:49Z INFO HostContext] Well known directory 'Bin': '/home/alan/assignment-4/assignment-4-thealanizquierdo/actions-runner/bin'
[2024-07-19 01:34:49Z INFO HostContext] Well known directory 'Root': '/home/alan/assignment-4/assignment-4-thealanizquierdo/actions-runner'
[2024-07-19 01:34:49Z INFO UnixUtil] Which2: 'chmod'
[2024-07-19 01:34:49Z INFO UnixUtil] Location: '/usr/bin/chmod'
[2024-07-19 01:34:49Z INFO UnixUtil] Running /usr/bin/chmod 755 "/home/alan/assignment-4/assignment-4-thealanizquierdo/actions-runner/svc.sh"
[2024-07-19 01:34:49Z INFO ProcessInvokerWrapper] Starting process:
[2024-07-19 01:34:49Z INFO ProcessInvokerWrapper]   File name: '/usr/bin/chmod'
[2024-07-19 01:34:49Z INFO ProcessInvokerWrapper]   Arguments: '755 "/home/alan/assignment-4/assignment-4-thealanizquierdo/actions-runner/svc.sh"'
[2024-07-19 01:34:49Z INFO ProcessInvokerWrapper]   Working directory: '/home/alan/assignment-4/assignment-4-thealanizquierdo/actions-runner'
[2024-07-19 01:34:49Z INFO ProcessInvokerWrapper]   Require exit code zero: 'True'
[2024-07-19 01:34:49Z INFO ProcessInvokerWrapper]   Encoding web name:  ; code page: ''
[2024-07-19 01:34:49Z INFO ProcessInvokerWrapper]   Force kill process on cancellation: 'False'
[2024-07-19 01:34:49Z INFO ProcessInvokerWrapper]   Redirected STDIN: 'False'
[2024-07-19 01:34:49Z INFO ProcessInvokerWrapper]   Persist current code page: 'False'
[2024-07-19 01:34:49Z INFO ProcessInvokerWrapper]   Keep redirected STDIN open: 'False'
[2024-07-19 01:34:49Z INFO ProcessInvokerWrapper]   High priority process: 'False'
[2024-07-19 01:34:49Z INFO ProcessInvokerWrapper] Updated oom_score_adj to 500 for PID: 279830.
[2024-07-19 01:34:49Z INFO ProcessInvokerWrapper] Process started with process id 279830, waiting for process exit.
[2024-07-19 01:34:49Z INFO ProcessInvokerWrapper] STDOUT/STDERR stream read finished.
[2024-07-19 01:34:49Z INFO ProcessInvokerWrapper] STDOUT/STDERR stream read finished.
[2024-07-19 01:34:49Z INFO ProcessInvokerWrapper] Finished process 279830 with exit code 0, and elapsed time 00:00:00.0118712.
[2024-07-19 01:34:49Z INFO Listener] Runner execution has finished with return code 0
