[2024-07-18 01:09:07Z INFO HostContext] No proxy settings were found based on environmental variables (http_proxy/https_proxy/HTTP_PROXY/HTTPS_PROXY)
[2024-07-18 01:09:07Z INFO HostContext] Well known directory 'Bin': '/home/alan/assignment-4/assignment-4-thealanizquierdo/actions-runner/bin'
[2024-07-18 01:09:07Z INFO HostContext] Well known directory 'Root': '/home/alan/assignment-4/assignment-4-thealanizquierdo/actions-runner'
[2024-07-18 01:09:07Z INFO HostContext] Well known config file 'Credentials': '/home/alan/assignment-4/assignment-4-thealanizquierdo/actions-runner/.credentials'
[2024-07-18 01:09:07Z INFO HostContext] Well known directory 'Bin': '/home/alan/assignment-4/assignment-4-thealanizquierdo/actions-runner/bin'
[2024-07-18 01:09:07Z INFO HostContext] Well known directory 'Root': '/home/alan/assignment-4/assignment-4-thealanizquierdo/actions-runner'
[2024-07-18 01:09:07Z INFO HostContext] Well known config file 'Runner': '/home/alan/assignment-4/assignment-4-thealanizquierdo/actions-runner/.runner'
[2024-07-18 01:09:07Z INFO Listener] Runner is built for Linux (X64) - linux-x64.
[2024-07-18 01:09:07Z INFO Listener] RuntimeInformation: Linux 5.15.0-113-generic #123~20.04.1-Ubuntu SMP Wed Jun 12 17:33:13 UTC 2024.
[2024-07-18 01:09:07Z INFO Listener] Version: 2.317.0
[2024-07-18 01:09:07Z INFO Listener] Commit: 6dc005ee3690a0303e0d7269b6f60295d22dcfad
[2024-07-18 01:09:07Z INFO Listener] Culture: en-US
[2024-07-18 01:09:07Z INFO Listener] UI Culture: en-US
[2024-07-18 01:09:07Z INFO HostContext] Well known directory 'Bin': '/home/alan/assignment-4/assignment-4-thealanizquierdo/actions-runner/bin'
[2024-07-18 01:09:07Z INFO HostContext] Well known directory 'Root': '/home/alan/assignment-4/assignment-4-thealanizquierdo/actions-runner'
[2024-07-18 01:09:07Z INFO Listener] Validating directory permissions for: '/home/alan/assignment-4/assignment-4-thealanizquierdo/actions-runner'
[2024-07-18 01:09:07Z INFO CommandLineParser] Parse
[2024-07-18 01:09:07Z INFO CommandLineParser] Parsing 1 args
[2024-07-18 01:09:07Z INFO CommandLineParser] parsing argument
[2024-07-18 01:09:07Z INFO CommandLineParser] HasArgs: False
[2024-07-18 01:09:07Z INFO CommandLineParser] Adding Command: run
[2024-07-18 01:09:07Z INFO Listener] Arguments parsed
[2024-07-18 01:09:07Z INFO Runner] ExecuteCommand
[2024-07-18 01:09:07Z INFO ConfigurationStore] currentAssemblyLocation: /home/alan/assignment-4/assignment-4-thealanizquierdo/actions-runner/bin/Runner.Listener.dll
[2024-07-18 01:09:07Z INFO HostContext] Well known directory 'Bin': '/home/alan/assignment-4/assignment-4-thealanizquierdo/actions-runner/bin'
[2024-07-18 01:09:07Z INFO ConfigurationStore] binPath: /home/alan/assignment-4/assignment-4-thealanizquierdo/actions-runner/bin
[2024-07-18 01:09:07Z INFO HostContext] Well known directory 'Bin': '/home/alan/assignment-4/assignment-4-thealanizquierdo/actions-runner/bin'
[2024-07-18 01:09:07Z INFO HostContext] Well known directory 'Root': '/home/alan/assignment-4/assignment-4-thealanizquierdo/actions-runner'
[2024-07-18 01:09:07Z INFO ConfigurationStore] RootFolder: /home/alan/assignment-4/assignment-4-thealanizquierdo/actions-runner
[2024-07-18 01:09:07Z INFO HostContext] Well known directory 'Bin': '/home/alan/assignment-4/assignment-4-thealanizquierdo/actions-runner/bin'
[2024-07-18 01:09:07Z INFO HostContext] Well known directory 'Root': '/home/alan/assignment-4/assignment-4-thealanizquierdo/actions-runner'
[2024-07-18 01:09:07Z INFO HostContext] Well known config file 'Runner': '/home/alan/assignment-4/assignment-4-thealanizquierdo/actions-runner/.runner'
[2024-07-18 01:09:07Z INFO ConfigurationStore] ConfigFilePath: /home/alan/assignment-4/assignment-4-thealanizquierdo/actions-runner/.runner
[2024-07-18 01:09:07Z INFO HostContext] Well known directory 'Bin': '/home/alan/assignment-4/assignment-4-thealanizquierdo/actions-runner/bin'
[2024-07-18 01:09:07Z INFO HostContext] Well known directory 'Root': '/home/alan/assignment-4/assignment-4-thealanizquierdo/actions-runner'
[2024-07-18 01:09:07Z INFO HostContext] Well known config file 'Credentials': '/home/alan/assignment-4/assignment-4-thealanizquierdo/actions-runner/.credentials'
[2024-07-18 01:09:07Z INFO ConfigurationStore] CredFilePath: /home/alan/assignment-4/assignment-4-thealanizquierdo/actions-runner/.credentials
[2024-07-18 01:09:07Z INFO HostContext] Well known directory 'Bin': '/home/alan/assignment-4/assignment-4-thealanizquierdo/actions-runner/bin'
[2024-07-18 01:09:07Z INFO HostContext] Well known directory 'Root': '/home/alan/assignment-4/assignment-4-thealanizquierdo/actions-runner'
[2024-07-18 01:09:07Z INFO HostContext] Well known config file 'MigratedCredentials': '/home/alan/assignment-4/assignment-4-thealanizquierdo/actions-runner/.credentials_migrated'
[2024-07-18 01:09:07Z INFO ConfigurationStore] MigratedCredFilePath: /home/alan/assignment-4/assignment-4-thealanizquierdo/actions-runner/.credentials_migrated
[2024-07-18 01:09:07Z INFO HostContext] Well known directory 'Bin': '/home/alan/assignment-4/assignment-4-thealanizquierdo/actions-runner/bin'
[2024-07-18 01:09:07Z INFO HostContext] Well known directory 'Root': '/home/alan/assignment-4/assignment-4-thealanizquierdo/actions-runner'
[2024-07-18 01:09:07Z INFO HostContext] Well known config file 'Service': '/home/alan/assignment-4/assignment-4-thealanizquierdo/actions-runner/.service'
[2024-07-18 01:09:07Z INFO ConfigurationStore] ServiceConfigFilePath: /home/alan/assignment-4/assignment-4-thealanizquierdo/actions-runner/.service
[2024-07-18 01:09:07Z INFO CommandSettings] Flag 'help': 'False'
[2024-07-18 01:09:07Z INFO CommandSettings] Flag 'version': 'False'
[2024-07-18 01:09:07Z INFO CommandSettings] Flag 'commit': 'False'
[2024-07-18 01:09:07Z INFO CommandSettings] Flag 'check': 'False'
[2024-07-18 01:09:07Z INFO CommandSettings] Command 'configure': 'False'
[2024-07-18 01:09:07Z INFO CommandSettings] Command 'remove': 'False'
[2024-07-18 01:09:07Z INFO CommandSettings] Command 'warmup': 'False'
[2024-07-18 01:09:07Z INFO ConfigurationManager] LoadSettings
[2024-07-18 01:09:07Z INFO ConfigurationStore] IsConfigured()
[2024-07-18 01:09:07Z INFO ConfigurationStore] IsConfigured: True
[2024-07-18 01:09:07Z INFO ConfigurationManager] Is configured: True
[2024-07-18 01:09:07Z INFO ConfigurationStore] Read setting file: 315 chars
[2024-07-18 01:09:07Z INFO ConfigurationManager] Settings Loaded
[2024-07-18 01:09:07Z INFO ConfigurationStore] IsServiceConfigured()
[2024-07-18 01:09:07Z INFO ConfigurationStore] IsServiceConfigured: False
[2024-07-18 01:09:07Z INFO CommandSettings] Command 'run': 'True'
[2024-07-18 01:09:07Z INFO ConfigurationStore] IsConfigured()
[2024-07-18 01:09:07Z INFO ConfigurationStore] IsConfigured: True
[2024-07-18 01:09:07Z INFO ConfigurationManager] Is configured: True
[2024-07-18 01:09:07Z INFO Runner] Could not parse the argument value '' for StartupType. Defaulting to Manual
[2024-07-18 01:09:07Z INFO Runner] Set runner startup type - Manual
[2024-07-18 01:09:07Z INFO CommandSettings] Flag 'once': 'False'
[2024-07-18 01:09:07Z INFO CommandSettings] Flag 'once': 'False'
[2024-07-18 01:09:07Z INFO Runner] RunAsync
[2024-07-18 01:09:07Z INFO ConfigurationManager] LoadSettings
[2024-07-18 01:09:07Z INFO ConfigurationStore] IsConfigured()
[2024-07-18 01:09:07Z INFO ConfigurationStore] IsConfigured: True
[2024-07-18 01:09:07Z INFO ConfigurationManager] Is configured: True
[2024-07-18 01:09:07Z INFO ConfigurationManager] Settings Loaded
[2024-07-18 01:09:07Z INFO MessageListener] {
  "AgentId": 2,
  "AgentName": "Unbuntu",
  "PoolId": 1,
  "PoolName": "Default",
  "ServerUrl": "https://pipelinesghubeus7.actions.githubusercontent.com/5gXLPPeQD3oCjJEkEaBWygjvz2XiDMN3Twg031BwWICWQefhiV/",
  "GitHubUrl": "https://github.com/cu-ecen-aeld/assignment-4-thealanizquierdo",
  "WorkFolder": "_work"
}
[2024-07-18 01:09:07Z INFO MessageListener] Loading Credentials
[2024-07-18 01:09:07Z INFO ConfigurationStore] HasCredentials()
[2024-07-18 01:09:07Z INFO ConfigurationStore] stored True
[2024-07-18 01:09:07Z INFO CredentialManager] GetCredentialProvider
[2024-07-18 01:09:07Z INFO CredentialManager] Creating type OAuth
[2024-07-18 01:09:07Z INFO CredentialManager] Creating credential type: OAuth
[2024-07-18 01:09:07Z INFO HostContext] Well known directory 'Bin': '/home/alan/assignment-4/assignment-4-thealanizquierdo/actions-runner/bin'
[2024-07-18 01:09:07Z INFO HostContext] Well known directory 'Root': '/home/alan/assignment-4/assignment-4-thealanizquierdo/actions-runner'
[2024-07-18 01:09:07Z INFO HostContext] Well known config file 'RSACredentials': '/home/alan/assignment-4/assignment-4-thealanizquierdo/actions-runner/.credentials_rsaparams'
[2024-07-18 01:09:07Z INFO RSAFileKeyManager] Loading RSA key parameters from file /home/alan/assignment-4/assignment-4-thealanizquierdo/actions-runner/.credentials_rsaparams
[2024-07-18 01:09:07Z INFO MessageListener] Attempt to create session.
[2024-07-18 01:09:07Z INFO MessageListener] Connecting to the Runner Server...
[2024-07-18 01:09:07Z INFO RunnerServer] EstablishVssConnection
[2024-07-18 01:09:07Z INFO RunnerServer] Establish connection with 100 seconds timeout.
[2024-07-18 01:09:08Z INFO GitHubActionsService] Starting operation Location.GetConnectionData
[2024-07-18 01:09:08Z INFO RunnerServer] EstablishVssConnection
[2024-07-18 01:09:08Z INFO RunnerServer] Establish connection with 60 seconds timeout.
[2024-07-18 01:09:08Z INFO GitHubActionsService] Starting operation Location.GetConnectionData
[2024-07-18 01:09:08Z INFO RunnerServer] EstablishVssConnection
[2024-07-18 01:09:08Z INFO RunnerServer] Establish connection with 60 seconds timeout.
[2024-07-18 01:09:08Z INFO GitHubActionsService] Starting operation Location.GetConnectionData
[2024-07-18 01:09:08Z INFO GitHubActionsService] Finished operation Location.GetConnectionData
[2024-07-18 01:09:08Z INFO GitHubActionsService] Finished operation Location.GetConnectionData
[2024-07-18 01:09:08Z INFO GitHubActionsService] Finished operation Location.GetConnectionData
[2024-07-18 01:09:08Z INFO MessageListener] VssConnection created
[2024-07-18 01:09:08Z INFO Terminal] WRITE LINE: 
[2024-07-18 01:09:08Z INFO Terminal] WRITE LINE: 
[2024-07-18 01:09:09Z INFO RSAFileKeyManager] Loading RSA key parameters from file /home/alan/assignment-4/assignment-4-thealanizquierdo/actions-runner/.credentials_rsaparams
[2024-07-18 01:09:09Z INFO RSAFileKeyManager] Loading RSA key parameters from file /home/alan/assignment-4/assignment-4-thealanizquierdo/actions-runner/.credentials_rsaparams
[2024-07-18 01:09:09Z INFO GitHubActionsService] AAD Correlation ID for this token request: Unknown
[2024-07-18 01:09:09Z INFO MessageListener] Session created.
[2024-07-18 01:09:09Z INFO Terminal] WRITE LINE: Current runner version: '2.317.0'
[2024-07-18 01:09:09Z INFO Terminal] WRITE LINE: 2024-07-18 01:09:09Z: Listening for Jobs
[2024-07-18 01:09:09Z INFO JobDispatcher] Set runner/worker IPC timeout to 30 seconds.
[2024-07-18 01:09:09Z INFO MessageListener] BrokerMigration message received. Polling Broker for messages...
[2024-07-18 01:09:09Z INFO RSAFileKeyManager] Loading RSA key parameters from file /home/alan/assignment-4/assignment-4-thealanizquierdo/actions-runner/.credentials_rsaparams
[2024-07-18 01:09:09Z INFO GitHubActionsService] AAD Correlation ID for this token request: Unknown
[2024-07-18 01:09:10Z INFO MessageListener] Message '4191030482957466153' received from session 'fe6010f0-a847-4acb-87dc-b95f3d505ecd'.
[2024-07-18 01:09:10Z INFO ConfigurationStore] HasCredentials()
[2024-07-18 01:09:10Z INFO ConfigurationStore] stored True
[2024-07-18 01:09:10Z INFO CredentialManager] GetCredentialProvider
[2024-07-18 01:09:10Z INFO CredentialManager] Creating type OAuth
[2024-07-18 01:09:10Z INFO CredentialManager] Creating credential type: OAuth
[2024-07-18 01:09:10Z INFO RSAFileKeyManager] Loading RSA key parameters from file /home/alan/assignment-4/assignment-4-thealanizquierdo/actions-runner/.credentials_rsaparams
[2024-07-18 01:09:10Z INFO ActionsRunServer] EstablishVssConnection
[2024-07-18 01:09:10Z INFO ActionsRunServer] Establish connection with 100 seconds timeout.
[2024-07-18 01:09:10Z INFO GitHubActionsService] Starting operation Location.GetConnectionData
[2024-07-18 01:09:10Z INFO GitHubActionsService] Finished operation Location.GetConnectionData
[2024-07-18 01:09:10Z INFO RSAFileKeyManager] Loading RSA key parameters from file /home/alan/assignment-4/assignment-4-thealanizquierdo/actions-runner/.credentials_rsaparams
[2024-07-18 01:09:10Z INFO RSAFileKeyManager] Loading RSA key parameters from file /home/alan/assignment-4/assignment-4-thealanizquierdo/actions-runner/.credentials_rsaparams
[2024-07-18 01:09:11Z INFO GitHubActionsService] AAD Correlation ID for this token request: Unknown
[2024-07-18 01:09:11Z INFO JobDispatcher] Job request 2 for plan 13ffe554-ff46-492a-828e-80e277ee05ef job a047640a-23da-5e9b-1ef8-917a09b3753a received.
[2024-07-18 01:09:11Z INFO JobDispatcher] Pull OrchestrationId 13ffe554-ff46-492a-828e-80e277ee05ef.full-test.__default from JWT claims
[2024-07-18 01:09:11Z INFO MessageListener] Received job status event. JobState: Busy
[2024-07-18 01:09:11Z INFO MessageListener] _getMessagesTokenSource is already disposed.
[2024-07-18 01:09:11Z INFO Terminal] WRITE LINE: 2024-07-18 01:09:11Z: Running job: full-test
[2024-07-18 01:09:11Z INFO JobDispatcher] Start renew job request 2 for job a047640a-23da-5e9b-1ef8-917a09b3753a.
[2024-07-18 01:09:11Z INFO JobDispatcher] Successfully renew job request 2, job is valid till 7/18/2024 1:19:11 AM
[2024-07-18 01:09:11Z INFO HostContext] Well known directory 'Bin': '/home/alan/assignment-4/assignment-4-thealanizquierdo/actions-runner/bin'
[2024-07-18 01:09:11Z INFO ProcessInvokerWrapper] Starting process:
[2024-07-18 01:09:11Z INFO ProcessInvokerWrapper]   File name: '/home/alan/assignment-4/assignment-4-thealanizquierdo/actions-runner/bin/Runner.Worker'
[2024-07-18 01:09:11Z INFO ProcessInvokerWrapper]   Arguments: 'spawnclient 109 112'
[2024-07-18 01:09:11Z INFO ProcessInvokerWrapper]   Working directory: '/home/alan/assignment-4/assignment-4-thealanizquierdo/actions-runner/bin'
[2024-07-18 01:09:11Z INFO ProcessInvokerWrapper]   Require exit code zero: 'False'
[2024-07-18 01:09:11Z INFO ProcessInvokerWrapper]   Encoding web name:  ; code page: ''
[2024-07-18 01:09:11Z INFO ProcessInvokerWrapper]   Force kill process on cancellation: 'True'
[2024-07-18 01:09:11Z INFO ProcessInvokerWrapper]   Redirected STDIN: 'False'
[2024-07-18 01:09:11Z INFO ProcessInvokerWrapper]   Persist current code page: 'False'
[2024-07-18 01:09:11Z INFO ProcessInvokerWrapper]   Keep redirected STDIN open: 'False'
[2024-07-18 01:09:11Z INFO ProcessInvokerWrapper]   High priority process: 'True'
[2024-07-18 01:09:11Z INFO ProcessInvokerWrapper] Process started with process id 12194, waiting for process exit.
[2024-07-18 01:09:11Z INFO JobDispatcher] Send job request message to worker for job a047640a-23da-5e9b-1ef8-917a09b3753a.
[2024-07-18 01:09:11Z INFO ProcessChannel] Sending message of length 26713, with hash 'e90040a7bd857a671ca51bd2bcd99e93cf77fd36035d0ea11e13b9d4e928ac35'
[2024-07-18 01:09:11Z INFO JobNotification] Entering JobStarted Notification
[2024-07-18 01:09:11Z INFO JobNotification] Entering StartMonitor
[2024-07-18 01:09:12Z INFO MessageListener] BrokerMigration message received. Polling Broker for messages...
[2024-07-18 01:10:02Z INFO MessageListener] BrokerMigration message received. Polling Broker for messages...
[2024-07-18 01:10:11Z INFO JobDispatcher] Successfully renew job request 2, job is valid till 7/18/2024 1:20:11 AM
[2024-07-18 01:10:40Z INFO ProcessInvokerWrapper] STDOUT/STDERR stream read finished.
[2024-07-18 01:10:40Z INFO ProcessInvokerWrapper] STDOUT/STDERR stream read finished.
[2024-07-18 01:10:40Z INFO ProcessInvokerWrapper] Finished process 12194 with exit code 102, and elapsed time 00:01:29.1166882.
[2024-07-18 01:10:40Z INFO JobDispatcher] Worker finished for job a047640a-23da-5e9b-1ef8-917a09b3753a. Code: 102
[2024-07-18 01:10:40Z INFO JobDispatcher] finish job request for job a047640a-23da-5e9b-1ef8-917a09b3753a with result: Failed
[2024-07-18 01:10:40Z INFO Terminal] WRITE LINE: 2024-07-18 01:10:40Z: Job full-test completed with result: Failed
[2024-07-18 01:10:40Z INFO JobDispatcher] Stop renew job request for job a047640a-23da-5e9b-1ef8-917a09b3753a.
[2024-07-18 01:10:40Z INFO JobDispatcher] job renew has been cancelled, stop renew job request 2.
[2024-07-18 01:10:40Z INFO JobNotification] Entering JobCompleted Notification
[2024-07-18 01:10:40Z INFO JobNotification] Entering EndMonitor
[2024-07-18 01:10:40Z INFO MessageListener] Received job status event. JobState: Online
[2024-07-18 01:10:52Z INFO MessageListener] BrokerMigration message received. Polling Broker for messages...
[2024-07-18 01:11:42Z INFO MessageListener] BrokerMigration message received. Polling Broker for messages...
[2024-07-18 01:12:32Z INFO MessageListener] BrokerMigration message received. Polling Broker for messages...
[2024-07-18 01:13:23Z INFO MessageListener] BrokerMigration message received. Polling Broker for messages...
[2024-07-18 01:14:13Z INFO MessageListener] BrokerMigration message received. Polling Broker for messages...
[2024-07-18 01:15:03Z INFO MessageListener] BrokerMigration message received. Polling Broker for messages...
[2024-07-18 01:15:53Z INFO MessageListener] BrokerMigration message received. Polling Broker for messages...
[2024-07-18 01:16:43Z INFO MessageListener] BrokerMigration message received. Polling Broker for messages...
[2024-07-18 01:17:33Z INFO MessageListener] BrokerMigration message received. Polling Broker for messages...
[2024-07-18 01:18:23Z INFO MessageListener] BrokerMigration message received. Polling Broker for messages...
[2024-07-18 01:18:44Z INFO Terminal] WRITE LINE: Exiting...
[2024-07-18 01:18:44Z INFO ConfigurationStore] IsServiceConfigured()
[2024-07-18 01:18:44Z INFO ConfigurationStore] IsServiceConfigured: False
[2024-07-18 01:18:44Z INFO HostContext] Runner will be shutdown for UserCancelled
[2024-07-18 01:18:44Z WARN GitHubActionsService] GET request to https://broker.actions.githubusercontent.com/message?sessionId=fe6010f0-a847-4acb-87dc-b95f3d505ecd&status=Online&runnerVersion=2.317.0&os=Linux&architecture=X64&disableUpdate=false has been cancelled.
[2024-07-18 01:18:44Z ERR  BrokerServer] Catch exception during request
[2024-07-18 01:18:44Z ERR  BrokerServer] System.Threading.Tasks.TaskCanceledException: The operation was canceled.
 ---> System.IO.IOException: Unable to read data from the transport connection: Operation canceled.
 ---> System.Net.Sockets.SocketException (125): Operation canceled
   --- End of inner exception stack trace ---
   at System.Net.Sockets.Socket.AwaitableSocketAsyncEventArgs.ThrowException(SocketError error, CancellationToken cancellationToken)
   at System.Net.Sockets.Socket.AwaitableSocketAsyncEventArgs.System.Threading.Tasks.Sources.IValueTaskSource<System.Int32>.GetResult(Int16 token)
   at System.Net.Security.SslStream.EnsureFullTlsFrameAsync[TIOAdapter](TIOAdapter adapter)
   at System.Net.Security.SslStream.ReadAsyncInternal[TIOAdapter](TIOAdapter adapter, Memory`1 buffer)
   at System.Net.Http.HttpConnection.SendAsyncCore(HttpRequestMessage request, Boolean async, CancellationToken cancellationToken)
   --- End of inner exception stack trace ---
   at System.Net.Http.HttpClient.HandleFailure(Exception e, Boolean telemetryStarted, HttpResponseMessage response, CancellationTokenSource cts, CancellationToken cancellationToken, CancellationTokenSource pendingRequestsCts)
   at System.Net.Http.HttpClient.<SendAsync>g__Core|83_0(HttpRequestMessage request, HttpCompletionOption completionOption, CancellationTokenSource cts, Boolean disposeCts, CancellationTokenSource pendingRequestsCts, CancellationToken originalCancellationToken)
   at Sdk.WebApi.WebApi.RawHttpClientBase.SendAsync(HttpRequestMessage message, HttpCompletionOption completionOption, Object userState, CancellationToken cancellationToken)
   at Sdk.WebApi.WebApi.RawHttpClientBase.SendAsync[T](HttpRequestMessage message, Object userState, CancellationToken cancellationToken)
   at Sdk.WebApi.WebApi.RawHttpClientBase.SendAsync[T](HttpMethod method, IEnumerable`1 additionalHeaders, Uri requestUri, HttpContent content, IEnumerable`1 queryParameters, Object userState, CancellationToken cancellationToken)
   at GitHub.Actions.RunService.WebApi.BrokerHttpClient.GetRunnerMessageAsync(Nullable`1 sessionId, String runnerVersion, Nullable`1 status, String os, String architecture, Nullable`1 disableUpdate, CancellationToken cancellationToken)
   at GitHub.Runner.Common.BrokerServer.<>c__DisplayClass7_0.<<GetRunnerMessageAsync>b__0>d.MoveNext()
--- End of stack trace from previous location ---
   at GitHub.Runner.Common.RunnerService.RetryRequest[T](Func`1 func, CancellationToken cancellationToken, Int32 maxRetryAttemptsCount, Func`2 shouldRetry)
[2024-07-18 01:18:44Z ERR  BrokerServer] #####################################################
[2024-07-18 01:18:44Z ERR  BrokerServer] System.IO.IOException: Unable to read data from the transport connection: Operation canceled.
 ---> System.Net.Sockets.SocketException (125): Operation canceled
   --- End of inner exception stack trace ---
   at System.Net.Sockets.Socket.AwaitableSocketAsyncEventArgs.ThrowException(SocketError error, CancellationToken cancellationToken)
   at System.Net.Sockets.Socket.AwaitableSocketAsyncEventArgs.System.Threading.Tasks.Sources.IValueTaskSource<System.Int32>.GetResult(Int16 token)
   at System.Net.Security.SslStream.EnsureFullTlsFrameAsync[TIOAdapter](TIOAdapter adapter)
   at System.Net.Security.SslStream.ReadAsyncInternal[TIOAdapter](TIOAdapter adapter, Memory`1 buffer)
   at System.Net.Http.HttpConnection.SendAsyncCore(HttpRequestMessage request, Boolean async, CancellationToken cancellationToken)
[2024-07-18 01:18:44Z ERR  BrokerServer] #####################################################
[2024-07-18 01:18:44Z ERR  BrokerServer] System.Net.Sockets.SocketException (125): Operation canceled
[2024-07-18 01:18:44Z WARN BrokerServer] Back off 13.063 seconds before next retry. 4 attempt left.
[2024-07-18 01:18:44Z INFO MessageListener] Get next message has been cancelled.
[2024-07-18 01:18:44Z INFO JobDispatcher] Shutting down JobDispatcher. Make sure all WorkerDispatcher has finished.
[2024-07-18 01:18:44Z INFO JobDispatcher] Ensure WorkerDispatcher for job a047640a-23da-5e9b-1ef8-917a09b3753a run to finish, cancel any running job.
[2024-07-18 01:18:44Z INFO JobDispatcher] Job request a047640a-23da-5e9b-1ef8-917a09b3753a processed succeed.
[2024-07-18 01:18:44Z INFO Runner] Deleting Runner Session...
[2024-07-18 01:18:44Z INFO Listener] Runner execution been cancelled.
