[2024-07-16 02:27:32Z INFO HostContext] No proxy settings were found based on environmental variables (http_proxy/https_proxy/HTTP_PROXY/HTTPS_PROXY)
[2024-07-16 02:27:32Z INFO HostContext] Well known directory 'Bin': '/home/alan/assignment-4/assignment-4-thealanizquierdo/actions-runner/bin'
[2024-07-16 02:27:32Z INFO HostContext] Well known directory 'Root': '/home/alan/assignment-4/assignment-4-thealanizquierdo/actions-runner'
[2024-07-16 02:27:32Z INFO HostContext] Well known config file 'Credentials': '/home/alan/assignment-4/assignment-4-thealanizquierdo/actions-runner/.credentials'
[2024-07-16 02:27:32Z INFO HostContext] Well known directory 'Bin': '/home/alan/assignment-4/assignment-4-thealanizquierdo/actions-runner/bin'
[2024-07-16 02:27:32Z INFO HostContext] Well known directory 'Root': '/home/alan/assignment-4/assignment-4-thealanizquierdo/actions-runner'
[2024-07-16 02:27:32Z INFO HostContext] Well known config file 'Runner': '/home/alan/assignment-4/assignment-4-thealanizquierdo/actions-runner/.runner'
[2024-07-16 02:27:32Z INFO Listener] Runner is built for Linux (X64) - linux-x64.
[2024-07-16 02:27:32Z INFO Listener] RuntimeInformation: Linux 5.15.0-113-generic #123~20.04.1-Ubuntu SMP Wed Jun 12 17:33:13 UTC 2024.
[2024-07-16 02:27:32Z INFO Listener] Version: 2.317.0
[2024-07-16 02:27:32Z INFO Listener] Commit: 6dc005ee3690a0303e0d7269b6f60295d22dcfad
[2024-07-16 02:27:32Z INFO Listener] Culture: en-US
[2024-07-16 02:27:32Z INFO Listener] UI Culture: en-US
[2024-07-16 02:27:32Z INFO HostContext] Well known directory 'Bin': '/home/alan/assignment-4/assignment-4-thealanizquierdo/actions-runner/bin'
[2024-07-16 02:27:32Z INFO HostContext] Well known directory 'Root': '/home/alan/assignment-4/assignment-4-thealanizquierdo/actions-runner'
[2024-07-16 02:27:32Z INFO Listener] Validating directory permissions for: '/home/alan/assignment-4/assignment-4-thealanizquierdo/actions-runner'
[2024-07-16 02:27:32Z INFO CommandLineParser] Parse
[2024-07-16 02:27:32Z INFO CommandLineParser] Parsing 1 args
[2024-07-16 02:27:32Z INFO CommandLineParser] parsing argument
[2024-07-16 02:27:32Z INFO CommandLineParser] HasArgs: False
[2024-07-16 02:27:32Z INFO CommandLineParser] Adding Command: run
[2024-07-16 02:27:32Z INFO Listener] Arguments parsed
[2024-07-16 02:27:32Z INFO Runner] ExecuteCommand
[2024-07-16 02:27:32Z INFO ConfigurationStore] currentAssemblyLocation: /home/alan/assignment-4/assignment-4-thealanizquierdo/actions-runner/bin/Runner.Listener.dll
[2024-07-16 02:27:32Z INFO HostContext] Well known directory 'Bin': '/home/alan/assignment-4/assignment-4-thealanizquierdo/actions-runner/bin'
[2024-07-16 02:27:32Z INFO ConfigurationStore] binPath: /home/alan/assignment-4/assignment-4-thealanizquierdo/actions-runner/bin
[2024-07-16 02:27:32Z INFO HostContext] Well known directory 'Bin': '/home/alan/assignment-4/assignment-4-thealanizquierdo/actions-runner/bin'
[2024-07-16 02:27:32Z INFO HostContext] Well known directory 'Root': '/home/alan/assignment-4/assignment-4-thealanizquierdo/actions-runner'
[2024-07-16 02:27:32Z INFO ConfigurationStore] RootFolder: /home/alan/assignment-4/assignment-4-thealanizquierdo/actions-runner
[2024-07-16 02:27:32Z INFO HostContext] Well known directory 'Bin': '/home/alan/assignment-4/assignment-4-thealanizquierdo/actions-runner/bin'
[2024-07-16 02:27:32Z INFO HostContext] Well known directory 'Root': '/home/alan/assignment-4/assignment-4-thealanizquierdo/actions-runner'
[2024-07-16 02:27:32Z INFO HostContext] Well known config file 'Runner': '/home/alan/assignment-4/assignment-4-thealanizquierdo/actions-runner/.runner'
[2024-07-16 02:27:32Z INFO ConfigurationStore] ConfigFilePath: /home/alan/assignment-4/assignment-4-thealanizquierdo/actions-runner/.runner
[2024-07-16 02:27:32Z INFO HostContext] Well known directory 'Bin': '/home/alan/assignment-4/assignment-4-thealanizquierdo/actions-runner/bin'
[2024-07-16 02:27:32Z INFO HostContext] Well known directory 'Root': '/home/alan/assignment-4/assignment-4-thealanizquierdo/actions-runner'
[2024-07-16 02:27:32Z INFO HostContext] Well known config file 'Credentials': '/home/alan/assignment-4/assignment-4-thealanizquierdo/actions-runner/.credentials'
[2024-07-16 02:27:32Z INFO ConfigurationStore] CredFilePath: /home/alan/assignment-4/assignment-4-thealanizquierdo/actions-runner/.credentials
[2024-07-16 02:27:32Z INFO HostContext] Well known directory 'Bin': '/home/alan/assignment-4/assignment-4-thealanizquierdo/actions-runner/bin'
[2024-07-16 02:27:32Z INFO HostContext] Well known directory 'Root': '/home/alan/assignment-4/assignment-4-thealanizquierdo/actions-runner'
[2024-07-16 02:27:32Z INFO HostContext] Well known config file 'MigratedCredentials': '/home/alan/assignment-4/assignment-4-thealanizquierdo/actions-runner/.credentials_migrated'
[2024-07-16 02:27:32Z INFO ConfigurationStore] MigratedCredFilePath: /home/alan/assignment-4/assignment-4-thealanizquierdo/actions-runner/.credentials_migrated
[2024-07-16 02:27:32Z INFO HostContext] Well known directory 'Bin': '/home/alan/assignment-4/assignment-4-thealanizquierdo/actions-runner/bin'
[2024-07-16 02:27:32Z INFO HostContext] Well known directory 'Root': '/home/alan/assignment-4/assignment-4-thealanizquierdo/actions-runner'
[2024-07-16 02:27:32Z INFO HostContext] Well known config file 'Service': '/home/alan/assignment-4/assignment-4-thealanizquierdo/actions-runner/.service'
[2024-07-16 02:27:32Z INFO ConfigurationStore] ServiceConfigFilePath: /home/alan/assignment-4/assignment-4-thealanizquierdo/actions-runner/.service
[2024-07-16 02:27:32Z INFO CommandSettings] Flag 'help': 'False'
[2024-07-16 02:27:32Z INFO CommandSettings] Flag 'version': 'False'
[2024-07-16 02:27:32Z INFO CommandSettings] Flag 'commit': 'False'
[2024-07-16 02:27:32Z INFO CommandSettings] Flag 'check': 'False'
[2024-07-16 02:27:32Z INFO CommandSettings] Command 'configure': 'False'
[2024-07-16 02:27:32Z INFO CommandSettings] Command 'remove': 'False'
[2024-07-16 02:27:32Z INFO CommandSettings] Command 'warmup': 'False'
[2024-07-16 02:27:32Z INFO ConfigurationManager] LoadSettings
[2024-07-16 02:27:32Z INFO ConfigurationStore] IsConfigured()
[2024-07-16 02:27:32Z INFO ConfigurationStore] IsConfigured: True
[2024-07-16 02:27:32Z INFO ConfigurationManager] Is configured: True
[2024-07-16 02:27:32Z INFO ConfigurationStore] Read setting file: 315 chars
[2024-07-16 02:27:32Z INFO ConfigurationManager] Settings Loaded
[2024-07-16 02:27:32Z INFO ConfigurationStore] IsServiceConfigured()
[2024-07-16 02:27:32Z INFO ConfigurationStore] IsServiceConfigured: False
[2024-07-16 02:27:32Z INFO CommandSettings] Command 'run': 'True'
[2024-07-16 02:27:32Z INFO ConfigurationStore] IsConfigured()
[2024-07-16 02:27:32Z INFO ConfigurationStore] IsConfigured: True
[2024-07-16 02:27:32Z INFO ConfigurationManager] Is configured: True
[2024-07-16 02:27:32Z INFO Runner] Could not parse the argument value '' for StartupType. Defaulting to Manual
[2024-07-16 02:27:32Z INFO Runner] Set runner startup type - Manual
[2024-07-16 02:27:32Z INFO CommandSettings] Flag 'once': 'False'
[2024-07-16 02:27:32Z INFO CommandSettings] Flag 'once': 'False'
[2024-07-16 02:27:32Z INFO Runner] RunAsync
[2024-07-16 02:27:32Z INFO ConfigurationManager] LoadSettings
[2024-07-16 02:27:32Z INFO ConfigurationStore] IsConfigured()
[2024-07-16 02:27:32Z INFO ConfigurationStore] IsConfigured: True
[2024-07-16 02:27:32Z INFO ConfigurationManager] Is configured: True
[2024-07-16 02:27:32Z INFO ConfigurationManager] Settings Loaded
[2024-07-16 02:27:32Z INFO MessageListener] {
  "AgentId": 2,
  "AgentName": "Unbuntu",
  "PoolId": 1,
  "PoolName": "Default",
  "ServerUrl": "https://pipelinesghubeus7.actions.githubusercontent.com/5gXLPPeQD3oCjJEkEaBWygjvz2XiDMN3Twg031BwWICWQefhiV/",
  "GitHubUrl": "https://github.com/cu-ecen-aeld/assignment-4-thealanizquierdo",
  "WorkFolder": "_work"
}
[2024-07-16 02:27:32Z INFO MessageListener] Loading Credentials
[2024-07-16 02:27:32Z INFO ConfigurationStore] HasCredentials()
[2024-07-16 02:27:32Z INFO ConfigurationStore] stored True
[2024-07-16 02:27:32Z INFO CredentialManager] GetCredentialProvider
[2024-07-16 02:27:32Z INFO CredentialManager] Creating type OAuth
[2024-07-16 02:27:32Z INFO CredentialManager] Creating credential type: OAuth
[2024-07-16 02:27:32Z INFO HostContext] Well known directory 'Bin': '/home/alan/assignment-4/assignment-4-thealanizquierdo/actions-runner/bin'
[2024-07-16 02:27:32Z INFO HostContext] Well known directory 'Root': '/home/alan/assignment-4/assignment-4-thealanizquierdo/actions-runner'
[2024-07-16 02:27:32Z INFO HostContext] Well known config file 'RSACredentials': '/home/alan/assignment-4/assignment-4-thealanizquierdo/actions-runner/.credentials_rsaparams'
[2024-07-16 02:27:32Z INFO RSAFileKeyManager] Loading RSA key parameters from file /home/alan/assignment-4/assignment-4-thealanizquierdo/actions-runner/.credentials_rsaparams
[2024-07-16 02:27:32Z INFO MessageListener] Attempt to create session.
[2024-07-16 02:27:32Z INFO MessageListener] Connecting to the Runner Server...
[2024-07-16 02:27:32Z INFO RunnerServer] EstablishVssConnection
[2024-07-16 02:27:32Z INFO RunnerServer] Establish connection with 100 seconds timeout.
[2024-07-16 02:27:32Z INFO GitHubActionsService] Starting operation Location.GetConnectionData
[2024-07-16 02:27:32Z INFO RunnerServer] EstablishVssConnection
[2024-07-16 02:27:32Z INFO RunnerServer] Establish connection with 60 seconds timeout.
[2024-07-16 02:27:32Z INFO GitHubActionsService] Starting operation Location.GetConnectionData
[2024-07-16 02:27:32Z INFO RunnerServer] EstablishVssConnection
[2024-07-16 02:27:32Z INFO RunnerServer] Establish connection with 60 seconds timeout.
[2024-07-16 02:27:32Z INFO GitHubActionsService] Starting operation Location.GetConnectionData
[2024-07-16 02:27:33Z INFO GitHubActionsService] Finished operation Location.GetConnectionData
[2024-07-16 02:27:33Z INFO GitHubActionsService] Finished operation Location.GetConnectionData
[2024-07-16 02:27:33Z INFO GitHubActionsService] Finished operation Location.GetConnectionData
[2024-07-16 02:27:33Z INFO MessageListener] VssConnection created
[2024-07-16 02:27:33Z INFO Terminal] WRITE LINE: 
[2024-07-16 02:27:33Z INFO Terminal] WRITE LINE: 
[2024-07-16 02:27:33Z INFO RSAFileKeyManager] Loading RSA key parameters from file /home/alan/assignment-4/assignment-4-thealanizquierdo/actions-runner/.credentials_rsaparams
[2024-07-16 02:27:33Z INFO RSAFileKeyManager] Loading RSA key parameters from file /home/alan/assignment-4/assignment-4-thealanizquierdo/actions-runner/.credentials_rsaparams
[2024-07-16 02:27:33Z INFO GitHubActionsService] AAD Correlation ID for this token request: Unknown
[2024-07-16 02:27:33Z INFO MessageListener] Session created.
[2024-07-16 02:27:33Z INFO Terminal] WRITE LINE: Current runner version: '2.317.0'
[2024-07-16 02:27:33Z INFO Terminal] WRITE LINE: 2024-07-16 02:27:33Z: Listening for Jobs
[2024-07-16 02:27:33Z INFO JobDispatcher] Set runner/worker IPC timeout to 30 seconds.
[2024-07-16 02:27:33Z INFO MessageListener] BrokerMigration message received. Polling Broker for messages...
[2024-07-16 02:27:33Z INFO RSAFileKeyManager] Loading RSA key parameters from file /home/alan/assignment-4/assignment-4-thealanizquierdo/actions-runner/.credentials_rsaparams
[2024-07-16 02:27:34Z INFO GitHubActionsService] AAD Correlation ID for this token request: Unknown
[2024-07-16 02:27:35Z INFO MessageListener] Message '3475487196471092486' received from session 'd8621846-2d97-46ab-b8c1-6b1a0dde12e7'.
[2024-07-16 02:27:35Z INFO ConfigurationStore] HasCredentials()
[2024-07-16 02:27:35Z INFO ConfigurationStore] stored True
[2024-07-16 02:27:35Z INFO CredentialManager] GetCredentialProvider
[2024-07-16 02:27:35Z INFO CredentialManager] Creating type OAuth
[2024-07-16 02:27:35Z INFO CredentialManager] Creating credential type: OAuth
[2024-07-16 02:27:35Z INFO RSAFileKeyManager] Loading RSA key parameters from file /home/alan/assignment-4/assignment-4-thealanizquierdo/actions-runner/.credentials_rsaparams
[2024-07-16 02:27:35Z INFO ActionsRunServer] EstablishVssConnection
[2024-07-16 02:27:35Z INFO ActionsRunServer] Establish connection with 100 seconds timeout.
[2024-07-16 02:27:35Z INFO GitHubActionsService] Starting operation Location.GetConnectionData
[2024-07-16 02:27:35Z INFO GitHubActionsService] Finished operation Location.GetConnectionData
[2024-07-16 02:27:35Z INFO RSAFileKeyManager] Loading RSA key parameters from file /home/alan/assignment-4/assignment-4-thealanizquierdo/actions-runner/.credentials_rsaparams
[2024-07-16 02:27:35Z INFO RSAFileKeyManager] Loading RSA key parameters from file /home/alan/assignment-4/assignment-4-thealanizquierdo/actions-runner/.credentials_rsaparams
[2024-07-16 02:27:35Z INFO GitHubActionsService] AAD Correlation ID for this token request: Unknown
[2024-07-16 02:27:36Z INFO JobDispatcher] Job request 1 for plan 9136d318-459f-426e-848c-210e902dcb00 job a047640a-23da-5e9b-1ef8-917a09b3753a received.
[2024-07-16 02:27:36Z INFO JobDispatcher] Pull OrchestrationId 9136d318-459f-426e-848c-210e902dcb00.full-test.__default from JWT claims
[2024-07-16 02:27:36Z INFO MessageListener] Received job status event. JobState: Busy
[2024-07-16 02:27:36Z INFO MessageListener] _getMessagesTokenSource is already disposed.
[2024-07-16 02:27:36Z INFO Terminal] WRITE LINE: 2024-07-16 02:27:36Z: Running job: full-test
[2024-07-16 02:27:36Z INFO JobDispatcher] Start renew job request 1 for job a047640a-23da-5e9b-1ef8-917a09b3753a.
[2024-07-16 02:27:36Z INFO JobDispatcher] Successfully renew job request 1, job is valid till 7/16/2024 2:37:36 AM
[2024-07-16 02:27:36Z INFO HostContext] Well known directory 'Bin': '/home/alan/assignment-4/assignment-4-thealanizquierdo/actions-runner/bin'
[2024-07-16 02:27:36Z INFO ProcessInvokerWrapper] Starting process:
[2024-07-16 02:27:36Z INFO ProcessInvokerWrapper]   File name: '/home/alan/assignment-4/assignment-4-thealanizquierdo/actions-runner/bin/Runner.Worker'
[2024-07-16 02:27:36Z INFO ProcessInvokerWrapper]   Arguments: 'spawnclient 108 111'
[2024-07-16 02:27:36Z INFO ProcessInvokerWrapper]   Working directory: '/home/alan/assignment-4/assignment-4-thealanizquierdo/actions-runner/bin'
[2024-07-16 02:27:36Z INFO ProcessInvokerWrapper]   Require exit code zero: 'False'
[2024-07-16 02:27:36Z INFO ProcessInvokerWrapper]   Encoding web name:  ; code page: ''
[2024-07-16 02:27:36Z INFO ProcessInvokerWrapper]   Force kill process on cancellation: 'True'
[2024-07-16 02:27:36Z INFO ProcessInvokerWrapper]   Redirected STDIN: 'False'
[2024-07-16 02:27:36Z INFO ProcessInvokerWrapper]   Persist current code page: 'False'
[2024-07-16 02:27:36Z INFO ProcessInvokerWrapper]   Keep redirected STDIN open: 'False'
[2024-07-16 02:27:36Z INFO ProcessInvokerWrapper]   High priority process: 'True'
[2024-07-16 02:27:36Z INFO ProcessInvokerWrapper] Process started with process id 241743, waiting for process exit.
[2024-07-16 02:27:36Z INFO JobDispatcher] Send job request message to worker for job a047640a-23da-5e9b-1ef8-917a09b3753a.
[2024-07-16 02:27:36Z INFO ProcessChannel] Sending message of length 40371, with hash '07781daa94239ab9350d4a7616328bb70117cd937e2e2ac16d2f5246a56ae772'
[2024-07-16 02:27:37Z INFO MessageListener] BrokerMigration message received. Polling Broker for messages...
[2024-07-16 02:27:37Z INFO JobNotification] Entering JobStarted Notification
[2024-07-16 02:27:37Z INFO JobNotification] Entering StartMonitor
[2024-07-16 02:28:27Z INFO MessageListener] BrokerMigration message received. Polling Broker for messages...
[2024-07-16 02:28:36Z INFO JobDispatcher] Successfully renew job request 1, job is valid till 7/16/2024 2:38:36 AM
[2024-07-16 02:28:51Z INFO ProcessInvokerWrapper] STDOUT/STDERR stream read finished.
[2024-07-16 02:28:51Z INFO ProcessInvokerWrapper] STDOUT/STDERR stream read finished.
[2024-07-16 02:28:51Z INFO ProcessInvokerWrapper] Finished process 241743 with exit code 102, and elapsed time 00:01:15.2609363.
[2024-07-16 02:28:51Z INFO JobDispatcher] Worker finished for job a047640a-23da-5e9b-1ef8-917a09b3753a. Code: 102
[2024-07-16 02:28:51Z INFO JobDispatcher] finish job request for job a047640a-23da-5e9b-1ef8-917a09b3753a with result: Failed
[2024-07-16 02:28:51Z INFO Terminal] WRITE LINE: 2024-07-16 02:28:51Z: Job full-test completed with result: Failed
[2024-07-16 02:28:51Z INFO JobDispatcher] Stop renew job request for job a047640a-23da-5e9b-1ef8-917a09b3753a.
[2024-07-16 02:28:51Z INFO JobDispatcher] job renew has been cancelled, stop renew job request 1.
[2024-07-16 02:28:51Z INFO JobNotification] Entering JobCompleted Notification
[2024-07-16 02:28:51Z INFO JobNotification] Entering EndMonitor
[2024-07-16 02:28:51Z INFO MessageListener] Received job status event. JobState: Online
[2024-07-16 02:29:09Z INFO Terminal] WRITE LINE: Exiting...
[2024-07-16 02:29:09Z INFO ConfigurationStore] IsServiceConfigured()
[2024-07-16 02:29:09Z INFO ConfigurationStore] IsServiceConfigured: False
[2024-07-16 02:29:09Z INFO HostContext] Runner will be shutdown for UserCancelled
[2024-07-16 02:29:09Z WARN GitHubActionsService] GET request to https://broker.actions.githubusercontent.com/message?sessionId=d8621846-2d97-46ab-b8c1-6b1a0dde12e7&status=Busy&runnerVersion=2.317.0&os=Linux&architecture=X64&disableUpdate=false has been cancelled.
[2024-07-16 02:29:09Z ERR  BrokerServer] Catch exception during request
[2024-07-16 02:29:09Z ERR  BrokerServer] System.Threading.Tasks.TaskCanceledException: The operation was canceled.
 ---> System.IO.IOException: The response ended prematurely.
   at System.Net.Http.HttpConnection.SendAsyncCore(HttpRequestMessage request, Boolean async, CancellationToken cancellationToken)
   --- End of inner exception stack trace ---
   at System.Net.Http.HttpClient.HandleFailure(Exception e, Boolean telemetryStarted, HttpResponseMessage response, CancellationTokenSource cts, CancellationToken cancellationToken, CancellationTokenSource pendingRequestsCts)
   at System.Net.Http.HttpClient.<SendAsync>g__Core|83_0(HttpRequestMessage request, HttpCompletionOption completionOption, CancellationTokenSource cts, Boolean disposeCts, CancellationTokenSource pendingRequestsCts, CancellationToken originalCancellationToken)
   at Sdk.WebApi.WebApi.RawHttpClientBase.SendAsync(HttpRequestMessage message, HttpCompletionOption completionOption, Object userState, CancellationToken cancellationToken)
   at Sdk.WebApi.WebApi.RawHttpClientBase.SendAsync[T](HttpRequestMessage message, Object userState, CancellationToken cancellationToken)
   at Sdk.WebApi.WebApi.RawHttpClientBase.SendAsync[T](HttpMethod method, IEnumerable`1 additionalHeaders, Uri requestUri, HttpContent content, IEnumerable`1 queryParameters, Object userState, CancellationToken cancellationToken)
   at GitHub.Actions.RunService.WebApi.BrokerHttpClient.GetRunnerMessageAsync(Nullable`1 sessionId, String runnerVersion, Nullable`1 status, String os, String architecture, Nullable`1 disableUpdate, CancellationToken cancellationToken)
   at GitHub.Runner.Common.BrokerServer.<>c__DisplayClass7_0.<<GetRunnerMessageAsync>b__0>d.MoveNext()
--- End of stack trace from previous location ---
   at GitHub.Runner.Common.RunnerService.RetryRequest[T](Func`1 func, CancellationToken cancellationToken, Int32 maxRetryAttemptsCount, Func`2 shouldRetry)
[2024-07-16 02:29:09Z ERR  BrokerServer] #####################################################
[2024-07-16 02:29:09Z ERR  BrokerServer] System.IO.IOException: The response ended prematurely.
   at System.Net.Http.HttpConnection.SendAsyncCore(HttpRequestMessage request, Boolean async, CancellationToken cancellationToken)
[2024-07-16 02:29:09Z WARN BrokerServer] Back off 10.778 seconds before next retry. 4 attempt left.
[2024-07-16 02:29:09Z INFO MessageListener] Get next message has been cancelled.
[2024-07-16 02:29:09Z INFO JobDispatcher] Shutting down JobDispatcher. Make sure all WorkerDispatcher has finished.
[2024-07-16 02:29:09Z INFO JobDispatcher] Ensure WorkerDispatcher for job a047640a-23da-5e9b-1ef8-917a09b3753a run to finish, cancel any running job.
[2024-07-16 02:29:09Z INFO JobDispatcher] Job request a047640a-23da-5e9b-1ef8-917a09b3753a processed succeed.
[2024-07-16 02:29:09Z INFO Runner] Deleting Runner Session...
[2024-07-16 02:29:09Z INFO Listener] Runner execution been cancelled.
