[2024-07-19 01:34:56Z INFO HostContext] No proxy settings were found based on environmental variables (http_proxy/https_proxy/HTTP_PROXY/HTTPS_PROXY)
[2024-07-19 01:34:56Z INFO HostContext] Well known directory 'Bin': '/home/alan/assignment-4/assignment-4-thealanizquierdo/actions-runner/bin'
[2024-07-19 01:34:56Z INFO HostContext] Well known directory 'Root': '/home/alan/assignment-4/assignment-4-thealanizquierdo/actions-runner'
[2024-07-19 01:34:56Z INFO HostContext] Well known config file 'Credentials': '/home/alan/assignment-4/assignment-4-thealanizquierdo/actions-runner/.credentials'
[2024-07-19 01:34:56Z INFO HostContext] Well known directory 'Bin': '/home/alan/assignment-4/assignment-4-thealanizquierdo/actions-runner/bin'
[2024-07-19 01:34:56Z INFO HostContext] Well known directory 'Root': '/home/alan/assignment-4/assignment-4-thealanizquierdo/actions-runner'
[2024-07-19 01:34:56Z INFO HostContext] Well known config file 'Runner': '/home/alan/assignment-4/assignment-4-thealanizquierdo/actions-runner/.runner'
[2024-07-19 01:34:56Z INFO Listener] Runner is built for Linux (X64) - linux-x64.
[2024-07-19 01:34:56Z INFO Listener] RuntimeInformation: Linux 5.15.0-113-generic #123~20.04.1-Ubuntu SMP Wed Jun 12 17:33:13 UTC 2024.
[2024-07-19 01:34:57Z INFO Listener] Version: 2.317.0
[2024-07-19 01:34:57Z INFO Listener] Commit: 6dc005ee3690a0303e0d7269b6f60295d22dcfad
[2024-07-19 01:34:57Z INFO Listener] Culture: en-US
[2024-07-19 01:34:57Z INFO Listener] UI Culture: en-US
[2024-07-19 01:34:57Z INFO HostContext] Well known directory 'Bin': '/home/alan/assignment-4/assignment-4-thealanizquierdo/actions-runner/bin'
[2024-07-19 01:34:57Z INFO HostContext] Well known directory 'Root': '/home/alan/assignment-4/assignment-4-thealanizquierdo/actions-runner'
[2024-07-19 01:34:57Z INFO Listener] Validating directory permissions for: '/home/alan/assignment-4/assignment-4-thealanizquierdo/actions-runner'
[2024-07-19 01:34:57Z INFO CommandLineParser] Parse
[2024-07-19 01:34:57Z INFO CommandLineParser] Parsing 1 args
[2024-07-19 01:34:57Z INFO CommandLineParser] parsing argument
[2024-07-19 01:34:57Z INFO CommandLineParser] HasArgs: False
[2024-07-19 01:34:57Z INFO CommandLineParser] Adding Command: run
[2024-07-19 01:34:57Z INFO Listener] Arguments parsed
[2024-07-19 01:34:57Z INFO Runner] ExecuteCommand
[2024-07-19 01:34:57Z INFO ConfigurationStore] currentAssemblyLocation: /home/alan/assignment-4/assignment-4-thealanizquierdo/actions-runner/bin/Runner.Listener.dll
[2024-07-19 01:34:57Z INFO HostContext] Well known directory 'Bin': '/home/alan/assignment-4/assignment-4-thealanizquierdo/actions-runner/bin'
[2024-07-19 01:34:57Z INFO ConfigurationStore] binPath: /home/alan/assignment-4/assignment-4-thealanizquierdo/actions-runner/bin
[2024-07-19 01:34:57Z INFO HostContext] Well known directory 'Bin': '/home/alan/assignment-4/assignment-4-thealanizquierdo/actions-runner/bin'
[2024-07-19 01:34:57Z INFO HostContext] Well known directory 'Root': '/home/alan/assignment-4/assignment-4-thealanizquierdo/actions-runner'
[2024-07-19 01:34:57Z INFO ConfigurationStore] RootFolder: /home/alan/assignment-4/assignment-4-thealanizquierdo/actions-runner
[2024-07-19 01:34:57Z INFO HostContext] Well known directory 'Bin': '/home/alan/assignment-4/assignment-4-thealanizquierdo/actions-runner/bin'
[2024-07-19 01:34:57Z INFO HostContext] Well known directory 'Root': '/home/alan/assignment-4/assignment-4-thealanizquierdo/actions-runner'
[2024-07-19 01:34:57Z INFO HostContext] Well known config file 'Runner': '/home/alan/assignment-4/assignment-4-thealanizquierdo/actions-runner/.runner'
[2024-07-19 01:34:57Z INFO ConfigurationStore] ConfigFilePath: /home/alan/assignment-4/assignment-4-thealanizquierdo/actions-runner/.runner
[2024-07-19 01:34:57Z INFO HostContext] Well known directory 'Bin': '/home/alan/assignment-4/assignment-4-thealanizquierdo/actions-runner/bin'
[2024-07-19 01:34:57Z INFO HostContext] Well known directory 'Root': '/home/alan/assignment-4/assignment-4-thealanizquierdo/actions-runner'
[2024-07-19 01:34:57Z INFO HostContext] Well known config file 'Credentials': '/home/alan/assignment-4/assignment-4-thealanizquierdo/actions-runner/.credentials'
[2024-07-19 01:34:57Z INFO ConfigurationStore] CredFilePath: /home/alan/assignment-4/assignment-4-thealanizquierdo/actions-runner/.credentials
[2024-07-19 01:34:57Z INFO HostContext] Well known directory 'Bin': '/home/alan/assignment-4/assignment-4-thealanizquierdo/actions-runner/bin'
[2024-07-19 01:34:57Z INFO HostContext] Well known directory 'Root': '/home/alan/assignment-4/assignment-4-thealanizquierdo/actions-runner'
[2024-07-19 01:34:57Z INFO HostContext] Well known config file 'MigratedCredentials': '/home/alan/assignment-4/assignment-4-thealanizquierdo/actions-runner/.credentials_migrated'
[2024-07-19 01:34:57Z INFO ConfigurationStore] MigratedCredFilePath: /home/alan/assignment-4/assignment-4-thealanizquierdo/actions-runner/.credentials_migrated
[2024-07-19 01:34:57Z INFO HostContext] Well known directory 'Bin': '/home/alan/assignment-4/assignment-4-thealanizquierdo/actions-runner/bin'
[2024-07-19 01:34:57Z INFO HostContext] Well known directory 'Root': '/home/alan/assignment-4/assignment-4-thealanizquierdo/actions-runner'
[2024-07-19 01:34:57Z INFO HostContext] Well known config file 'Service': '/home/alan/assignment-4/assignment-4-thealanizquierdo/actions-runner/.service'
[2024-07-19 01:34:57Z INFO ConfigurationStore] ServiceConfigFilePath: /home/alan/assignment-4/assignment-4-thealanizquierdo/actions-runner/.service
[2024-07-19 01:34:57Z INFO CommandSettings] Flag 'help': 'False'
[2024-07-19 01:34:57Z INFO CommandSettings] Flag 'version': 'False'
[2024-07-19 01:34:57Z INFO CommandSettings] Flag 'commit': 'False'
[2024-07-19 01:34:57Z INFO CommandSettings] Flag 'check': 'False'
[2024-07-19 01:34:57Z INFO CommandSettings] Command 'configure': 'False'
[2024-07-19 01:34:57Z INFO CommandSettings] Command 'remove': 'False'
[2024-07-19 01:34:57Z INFO CommandSettings] Command 'warmup': 'False'
[2024-07-19 01:34:57Z INFO ConfigurationManager] LoadSettings
[2024-07-19 01:34:57Z INFO ConfigurationStore] IsConfigured()
[2024-07-19 01:34:57Z INFO ConfigurationStore] IsConfigured: True
[2024-07-19 01:34:57Z INFO ConfigurationManager] Is configured: True
[2024-07-19 01:34:57Z INFO ConfigurationStore] Read setting file: 316 chars
[2024-07-19 01:34:57Z INFO ConfigurationManager] Settings Loaded
[2024-07-19 01:34:57Z INFO ConfigurationStore] IsServiceConfigured()
[2024-07-19 01:34:57Z INFO ConfigurationStore] IsServiceConfigured: False
[2024-07-19 01:34:57Z INFO CommandSettings] Command 'run': 'True'
[2024-07-19 01:34:57Z INFO ConfigurationStore] IsConfigured()
[2024-07-19 01:34:57Z INFO ConfigurationStore] IsConfigured: True
[2024-07-19 01:34:57Z INFO ConfigurationManager] Is configured: True
[2024-07-19 01:34:57Z INFO Runner] Could not parse the argument value '' for StartupType. Defaulting to Manual
[2024-07-19 01:34:57Z INFO Runner] Set runner startup type - Manual
[2024-07-19 01:34:57Z INFO CommandSettings] Flag 'once': 'False'
[2024-07-19 01:34:57Z INFO CommandSettings] Flag 'once': 'False'
[2024-07-19 01:34:57Z INFO Runner] RunAsync
[2024-07-19 01:34:57Z INFO ConfigurationManager] LoadSettings
[2024-07-19 01:34:57Z INFO ConfigurationStore] IsConfigured()
[2024-07-19 01:34:57Z INFO ConfigurationStore] IsConfigured: True
[2024-07-19 01:34:57Z INFO ConfigurationManager] Is configured: True
[2024-07-19 01:34:57Z INFO ConfigurationManager] Settings Loaded
[2024-07-19 01:34:57Z INFO MessageListener] {
  "AgentId": 22,
  "AgentName": "Unbuntu",
  "PoolId": 1,
  "PoolName": "Default",
  "ServerUrl": "https://pipelinesghubeus7.actions.githubusercontent.com/5gXLPPeQD3oCjJEkEaBWygjvz2XiDMN3Twg031BwWICWQefhiV/",
  "GitHubUrl": "https://github.com/cu-ecen-aeld/assignment-4-thealanizquierdo",
  "WorkFolder": "_work"
}
[2024-07-19 01:34:57Z INFO MessageListener] Loading Credentials
[2024-07-19 01:34:57Z INFO ConfigurationStore] HasCredentials()
[2024-07-19 01:34:57Z INFO ConfigurationStore] stored True
[2024-07-19 01:34:57Z INFO CredentialManager] GetCredentialProvider
[2024-07-19 01:34:57Z INFO CredentialManager] Creating type OAuth
[2024-07-19 01:34:57Z INFO CredentialManager] Creating credential type: OAuth
[2024-07-19 01:34:57Z INFO HostContext] Well known directory 'Bin': '/home/alan/assignment-4/assignment-4-thealanizquierdo/actions-runner/bin'
[2024-07-19 01:34:57Z INFO HostContext] Well known directory 'Root': '/home/alan/assignment-4/assignment-4-thealanizquierdo/actions-runner'
[2024-07-19 01:34:57Z INFO HostContext] Well known config file 'RSACredentials': '/home/alan/assignment-4/assignment-4-thealanizquierdo/actions-runner/.credentials_rsaparams'
[2024-07-19 01:34:57Z INFO RSAFileKeyManager] Loading RSA key parameters from file /home/alan/assignment-4/assignment-4-thealanizquierdo/actions-runner/.credentials_rsaparams
[2024-07-19 01:34:57Z INFO MessageListener] Attempt to create session.
[2024-07-19 01:34:57Z INFO MessageListener] Connecting to the Runner Server...
[2024-07-19 01:34:57Z INFO RunnerServer] EstablishVssConnection
[2024-07-19 01:34:57Z INFO RunnerServer] Establish connection with 100 seconds timeout.
[2024-07-19 01:34:57Z INFO GitHubActionsService] Starting operation Location.GetConnectionData
[2024-07-19 01:34:57Z INFO RunnerServer] EstablishVssConnection
[2024-07-19 01:34:57Z INFO RunnerServer] Establish connection with 60 seconds timeout.
[2024-07-19 01:34:57Z INFO GitHubActionsService] Starting operation Location.GetConnectionData
[2024-07-19 01:34:57Z INFO RunnerServer] EstablishVssConnection
[2024-07-19 01:34:57Z INFO RunnerServer] Establish connection with 60 seconds timeout.
[2024-07-19 01:34:57Z INFO GitHubActionsService] Starting operation Location.GetConnectionData
[2024-07-19 01:34:57Z INFO GitHubActionsService] Finished operation Location.GetConnectionData
[2024-07-19 01:34:57Z INFO GitHubActionsService] Finished operation Location.GetConnectionData
[2024-07-19 01:34:57Z INFO GitHubActionsService] Finished operation Location.GetConnectionData
[2024-07-19 01:34:57Z INFO MessageListener] VssConnection created
[2024-07-19 01:34:57Z INFO Terminal] WRITE LINE: 
[2024-07-19 01:34:57Z INFO Terminal] WRITE LINE: 
[2024-07-19 01:34:58Z INFO RSAFileKeyManager] Loading RSA key parameters from file /home/alan/assignment-4/assignment-4-thealanizquierdo/actions-runner/.credentials_rsaparams
[2024-07-19 01:34:58Z INFO RSAFileKeyManager] Loading RSA key parameters from file /home/alan/assignment-4/assignment-4-thealanizquierdo/actions-runner/.credentials_rsaparams
[2024-07-19 01:34:58Z INFO GitHubActionsService] AAD Correlation ID for this token request: Unknown
[2024-07-19 01:34:58Z INFO MessageListener] Session created.
[2024-07-19 01:34:58Z INFO Terminal] WRITE LINE: Current runner version: '2.317.0'
[2024-07-19 01:34:58Z INFO Terminal] WRITE LINE: 2024-07-19 01:34:58Z: Listening for Jobs
[2024-07-19 01:34:58Z INFO JobDispatcher] Set runner/worker IPC timeout to 30 seconds.
[2024-07-19 01:34:58Z INFO MessageListener] BrokerMigration message received. Polling Broker for messages...
[2024-07-19 01:34:58Z INFO RSAFileKeyManager] Loading RSA key parameters from file /home/alan/assignment-4/assignment-4-thealanizquierdo/actions-runner/.credentials_rsaparams
[2024-07-19 01:34:58Z INFO GitHubActionsService] AAD Correlation ID for this token request: Unknown
[2024-07-19 01:35:48Z INFO MessageListener] BrokerMigration message received. Polling Broker for messages...
[2024-07-19 01:36:28Z INFO Terminal] WRITE LINE: Exiting...
[2024-07-19 01:36:28Z INFO ConfigurationStore] IsServiceConfigured()
[2024-07-19 01:36:28Z INFO ConfigurationStore] IsServiceConfigured: False
[2024-07-19 01:36:28Z INFO HostContext] Runner will be shutdown for UserCancelled
[2024-07-19 01:36:28Z WARN GitHubActionsService] GET request to https://broker.actions.githubusercontent.com/message?sessionId=381e8a9a-1fc9-408a-9bf6-81c7d66579a8&status=Online&runnerVersion=2.317.0&os=Linux&architecture=X64&disableUpdate=false has been cancelled.
[2024-07-19 01:36:28Z ERR  BrokerServer] Catch exception during request
[2024-07-19 01:36:28Z ERR  BrokerServer] System.Threading.Tasks.TaskCanceledException: The operation was canceled.
 ---> System.IO.IOException: Unable to read data from the transport connection: Operation canceled.
 ---> System.Net.Sockets.SocketException (125): Operation canceled
   --- End of inner exception stack trace ---
   at System.Net.Sockets.Socket.AwaitableSocketAsyncEventArgs.ThrowException(SocketError error, CancellationToken cancellationToken)
   at System.Net.Sockets.Socket.AwaitableSocketAsyncEventArgs.System.Threading.Tasks.Sources.IValueTaskSource<System.Int32>.GetResult(Int16 token)
   at System.Net.Security.SslStream.EnsureFullTlsFrameAsync[TIOAdapter](TIOAdapter adapter)
   at System.Net.Security.SslStream.ReadAsyncInternal[TIOAdapter](TIOAdapter adapter, Memory`1 buffer)
   at System.Net.Http.HttpConnection.SendAsyncCore(HttpRequestMessage request, Boolean async, CancellationToken cancellationToken)
   --- End of inner exception stack trace ---
   at System.Net.Http.HttpClient.HandleFailure(Exception e, Boolean telemetryStarted, HttpResponseMessage response, CancellationTokenSource cts, CancellationToken cancellationToken, CancellationTokenSource pendingRequestsCts)
   at System.Net.Http.HttpClient.<SendAsync>g__Core|83_0(HttpRequestMessage request, HttpCompletionOption completionOption, CancellationTokenSource cts, Boolean disposeCts, CancellationTokenSource pendingRequestsCts, CancellationToken originalCancellationToken)
   at Sdk.WebApi.WebApi.RawHttpClientBase.SendAsync(HttpRequestMessage message, HttpCompletionOption completionOption, Object userState, CancellationToken cancellationToken)
   at Sdk.WebApi.WebApi.RawHttpClientBase.SendAsync[T](HttpRequestMessage message, Object userState, CancellationToken cancellationToken)
   at Sdk.WebApi.WebApi.RawHttpClientBase.SendAsync[T](HttpMethod method, IEnumerable`1 additionalHeaders, Uri requestUri, HttpContent content, IEnumerable`1 queryParameters, Object userState, CancellationToken cancellationToken)
   at GitHub.Actions.RunService.WebApi.BrokerHttpClient.GetRunnerMessageAsync(Nullable`1 sessionId, String runnerVersion, Nullable`1 status, String os, String architecture, Nullable`1 disableUpdate, CancellationToken cancellationToken)
   at GitHub.Runner.Common.BrokerServer.<>c__DisplayClass7_0.<<GetRunnerMessageAsync>b__0>d.MoveNext()
--- End of stack trace from previous location ---
   at GitHub.Runner.Common.RunnerService.RetryRequest[T](Func`1 func, CancellationToken cancellationToken, Int32 maxRetryAttemptsCount, Func`2 shouldRetry)
[2024-07-19 01:36:28Z ERR  BrokerServer] #####################################################
[2024-07-19 01:36:28Z ERR  BrokerServer] System.IO.IOException: Unable to read data from the transport connection: Operation canceled.
 ---> System.Net.Sockets.SocketException (125): Operation canceled
   --- End of inner exception stack trace ---
   at System.Net.Sockets.Socket.AwaitableSocketAsyncEventArgs.ThrowException(SocketError error, CancellationToken cancellationToken)
   at System.Net.Sockets.Socket.AwaitableSocketAsyncEventArgs.System.Threading.Tasks.Sources.IValueTaskSource<System.Int32>.GetResult(Int16 token)
   at System.Net.Security.SslStream.EnsureFullTlsFrameAsync[TIOAdapter](TIOAdapter adapter)
   at System.Net.Security.SslStream.ReadAsyncInternal[TIOAdapter](TIOAdapter adapter, Memory`1 buffer)
   at System.Net.Http.HttpConnection.SendAsyncCore(HttpRequestMessage request, Boolean async, CancellationToken cancellationToken)
[2024-07-19 01:36:28Z ERR  BrokerServer] #####################################################
[2024-07-19 01:36:28Z ERR  BrokerServer] System.Net.Sockets.SocketException (125): Operation canceled
[2024-07-19 01:36:28Z WARN BrokerServer] Back off 6.33 seconds before next retry. 4 attempt left.
[2024-07-19 01:36:28Z INFO MessageListener] Get next message has been cancelled.
[2024-07-19 01:36:28Z INFO JobDispatcher] Shutting down JobDispatcher. Make sure all WorkerDispatcher has finished.
[2024-07-19 01:36:28Z INFO Runner] Deleting Runner Session...
[2024-07-19 01:36:29Z INFO Listener] Runner execution been cancelled.
