[2024-07-16 02:27:16Z INFO HostContext] No proxy settings were found based on environmental variables (http_proxy/https_proxy/HTTP_PROXY/HTTPS_PROXY)
[2024-07-16 02:27:16Z INFO HostContext] Well known directory 'Bin': '/home/alan/assignment-4/assignment-4-thealanizquierdo/actions-runner/bin'
[2024-07-16 02:27:16Z INFO HostContext] Well known directory 'Root': '/home/alan/assignment-4/assignment-4-thealanizquierdo/actions-runner'
[2024-07-16 02:27:16Z INFO HostContext] Well known config file 'Credentials': '/home/alan/assignment-4/assignment-4-thealanizquierdo/actions-runner/.credentials'
[2024-07-16 02:27:16Z INFO HostContext] Well known directory 'Bin': '/home/alan/assignment-4/assignment-4-thealanizquierdo/actions-runner/bin'
[2024-07-16 02:27:16Z INFO HostContext] Well known directory 'Root': '/home/alan/assignment-4/assignment-4-thealanizquierdo/actions-runner'
[2024-07-16 02:27:16Z INFO HostContext] Well known config file 'Runner': '/home/alan/assignment-4/assignment-4-thealanizquierdo/actions-runner/.runner'
[2024-07-16 02:27:16Z INFO Listener] Runner is built for Linux (X64) - linux-x64.
[2024-07-16 02:27:16Z INFO Listener] RuntimeInformation: Linux 5.15.0-113-generic #123~20.04.1-Ubuntu SMP Wed Jun 12 17:33:13 UTC 2024.
[2024-07-16 02:27:16Z INFO Listener] Version: 2.317.0
[2024-07-16 02:27:16Z INFO Listener] Commit: 6dc005ee3690a0303e0d7269b6f60295d22dcfad
[2024-07-16 02:27:16Z INFO Listener] Culture: en-US
[2024-07-16 02:27:16Z INFO Listener] UI Culture: en-US
[2024-07-16 02:27:16Z INFO HostContext] Well known directory 'Bin': '/home/alan/assignment-4/assignment-4-thealanizquierdo/actions-runner/bin'
[2024-07-16 02:27:16Z INFO HostContext] Well known directory 'Root': '/home/alan/assignment-4/assignment-4-thealanizquierdo/actions-runner'
[2024-07-16 02:27:16Z INFO Listener] Validating directory permissions for: '/home/alan/assignment-4/assignment-4-thealanizquierdo/actions-runner'
[2024-07-16 02:27:16Z INFO CommandLineParser] Parse
[2024-07-16 02:27:16Z INFO CommandLineParser] Parsing 5 args
[2024-07-16 02:27:16Z INFO CommandLineParser] parsing argument
[2024-07-16 02:27:16Z INFO CommandLineParser] HasArgs: False
[2024-07-16 02:27:16Z INFO CommandLineParser] Adding Command: configure
[2024-07-16 02:27:16Z INFO CommandLineParser] parsing argument
[2024-07-16 02:27:16Z INFO CommandLineParser] HasArgs: True
[2024-07-16 02:27:16Z INFO CommandLineParser] arg: url
[2024-07-16 02:27:16Z INFO CommandLineParser] parsing argument
[2024-07-16 02:27:16Z INFO CommandLineParser] HasArgs: True
[2024-07-16 02:27:16Z INFO CommandLineParser] Adding option 'url': 'https://github.com/cu-ecen-aeld/assignment-4-thealanizquierdo'
[2024-07-16 02:27:16Z INFO CommandLineParser] parsing argument
[2024-07-16 02:27:16Z INFO CommandLineParser] HasArgs: True
[2024-07-16 02:27:16Z INFO CommandLineParser] arg: token
[2024-07-16 02:27:16Z INFO CommandLineParser] parsing argument
[2024-07-16 02:27:16Z INFO CommandLineParser] HasArgs: True
[2024-07-16 02:27:16Z INFO CommandLineParser] Adding option 'token': '***'
[2024-07-16 02:27:16Z INFO Listener] Arguments parsed
[2024-07-16 02:27:16Z INFO Runner] ExecuteCommand
[2024-07-16 02:27:16Z INFO ConfigurationStore] currentAssemblyLocation: /home/alan/assignment-4/assignment-4-thealanizquierdo/actions-runner/bin/Runner.Listener.dll
[2024-07-16 02:27:16Z INFO HostContext] Well known directory 'Bin': '/home/alan/assignment-4/assignment-4-thealanizquierdo/actions-runner/bin'
[2024-07-16 02:27:16Z INFO ConfigurationStore] binPath: /home/alan/assignment-4/assignment-4-thealanizquierdo/actions-runner/bin
[2024-07-16 02:27:16Z INFO HostContext] Well known directory 'Bin': '/home/alan/assignment-4/assignment-4-thealanizquierdo/actions-runner/bin'
[2024-07-16 02:27:16Z INFO HostContext] Well known directory 'Root': '/home/alan/assignment-4/assignment-4-thealanizquierdo/actions-runner'
[2024-07-16 02:27:16Z INFO ConfigurationStore] RootFolder: /home/alan/assignment-4/assignment-4-thealanizquierdo/actions-runner
[2024-07-16 02:27:16Z INFO HostContext] Well known directory 'Bin': '/home/alan/assignment-4/assignment-4-thealanizquierdo/actions-runner/bin'
[2024-07-16 02:27:16Z INFO HostContext] Well known directory 'Root': '/home/alan/assignment-4/assignment-4-thealanizquierdo/actions-runner'
[2024-07-16 02:27:16Z INFO HostContext] Well known config file 'Runner': '/home/alan/assignment-4/assignment-4-thealanizquierdo/actions-runner/.runner'
[2024-07-16 02:27:16Z INFO ConfigurationStore] ConfigFilePath: /home/alan/assignment-4/assignment-4-thealanizquierdo/actions-runner/.runner
[2024-07-16 02:27:16Z INFO HostContext] Well known directory 'Bin': '/home/alan/assignment-4/assignment-4-thealanizquierdo/actions-runner/bin'
[2024-07-16 02:27:16Z INFO HostContext] Well known directory 'Root': '/home/alan/assignment-4/assignment-4-thealanizquierdo/actions-runner'
[2024-07-16 02:27:16Z INFO HostContext] Well known config file 'Credentials': '/home/alan/assignment-4/assignment-4-thealanizquierdo/actions-runner/.credentials'
[2024-07-16 02:27:16Z INFO ConfigurationStore] CredFilePath: /home/alan/assignment-4/assignment-4-thealanizquierdo/actions-runner/.credentials
[2024-07-16 02:27:16Z INFO HostContext] Well known directory 'Bin': '/home/alan/assignment-4/assignment-4-thealanizquierdo/actions-runner/bin'
[2024-07-16 02:27:16Z INFO HostContext] Well known directory 'Root': '/home/alan/assignment-4/assignment-4-thealanizquierdo/actions-runner'
[2024-07-16 02:27:16Z INFO HostContext] Well known config file 'MigratedCredentials': '/home/alan/assignment-4/assignment-4-thealanizquierdo/actions-runner/.credentials_migrated'
[2024-07-16 02:27:16Z INFO ConfigurationStore] MigratedCredFilePath: /home/alan/assignment-4/assignment-4-thealanizquierdo/actions-runner/.credentials_migrated
[2024-07-16 02:27:16Z INFO HostContext] Well known directory 'Bin': '/home/alan/assignment-4/assignment-4-thealanizquierdo/actions-runner/bin'
[2024-07-16 02:27:16Z INFO HostContext] Well known directory 'Root': '/home/alan/assignment-4/assignment-4-thealanizquierdo/actions-runner'
[2024-07-16 02:27:16Z INFO HostContext] Well known config file 'Service': '/home/alan/assignment-4/assignment-4-thealanizquierdo/actions-runner/.service'
[2024-07-16 02:27:16Z INFO ConfigurationStore] ServiceConfigFilePath: /home/alan/assignment-4/assignment-4-thealanizquierdo/actions-runner/.service
[2024-07-16 02:27:16Z INFO CommandSettings] Flag 'help': 'False'
[2024-07-16 02:27:16Z INFO CommandSettings] Flag 'version': 'False'
[2024-07-16 02:27:16Z INFO CommandSettings] Flag 'commit': 'False'
[2024-07-16 02:27:16Z INFO CommandSettings] Flag 'check': 'False'
[2024-07-16 02:27:16Z INFO CommandSettings] Command 'configure': 'True'
[2024-07-16 02:27:16Z INFO Terminal] WRITE LINE: 
[2024-07-16 02:27:16Z INFO Terminal] WRITE LINE: --------------------------------------------------------------------------------
[2024-07-16 02:27:16Z INFO Terminal] WRITE LINE: |        ____ _ _   _   _       _          _        _   _                      |
[2024-07-16 02:27:16Z INFO Terminal] WRITE LINE: |       / ___(_) |_| | | |_   _| |__      / \   ___| |_(_) ___  _ __  ___      |
[2024-07-16 02:27:16Z INFO Terminal] WRITE LINE: |      | |  _| | __| |_| | | | | '_ \    / _ \ / __| __| |/ _ \| '_ \/ __|     |
[2024-07-16 02:27:16Z INFO Terminal] WRITE LINE: |      | |_| | | |_|  _  | |_| | |_) |  / ___ \ (__| |_| | (_) | | | \__ \     |
[2024-07-16 02:27:16Z INFO Terminal] WRITE LINE: |       \____|_|\__|_| |_|\__,_|_.__/  /_/   \_\___|\__|_|\___/|_| |_|___/     |
[2024-07-16 02:27:16Z INFO Terminal] WRITE LINE: |                                                                              |
[2024-07-16 02:27:16Z INFO Terminal] WRITE: |                       
[2024-07-16 02:27:16Z INFO Terminal] WRITE: Self-hosted runner registration
[2024-07-16 02:27:16Z INFO Terminal] WRITE LINE:                         |
[2024-07-16 02:27:16Z INFO Terminal] WRITE LINE: |                                                                              |
[2024-07-16 02:27:16Z INFO Terminal] WRITE LINE: --------------------------------------------------------------------------------
[2024-07-16 02:27:16Z INFO ConfigurationManager] ConfigureAsync
[2024-07-16 02:27:16Z INFO CommandSettings] Flag 'generateServiceConfig': 'False'
[2024-07-16 02:27:16Z INFO ConfigurationStore] IsConfigured()
[2024-07-16 02:27:16Z INFO ConfigurationStore] IsConfigured: False
[2024-07-16 02:27:16Z INFO ConfigurationManager] Is configured: False
[2024-07-16 02:27:16Z INFO CommandSettings] Arg 'url': 'https://github.com/cu-ecen-aeld/assignment-4-thealanizquierdo'
[2024-07-16 02:27:16Z INFO CommandSettings] Remove url from Arg dictionary.
[2024-07-16 02:27:16Z INFO CommandSettings] Arg 'token': '***'
[2024-07-16 02:27:16Z INFO CommandSettings] Remove token from Arg dictionary.
[2024-07-16 02:27:17Z INFO ConfigurationManager] Http response code: OK from 'POST https://api.github.com/actions/runner-registration' (C5E6:266CB1:AFDA581:1429BD0F:6695DA84)
[2024-07-16 02:27:17Z INFO ConfigurationManager] Using V2 flow: False
[2024-07-16 02:27:17Z INFO ConfigurationManager] cred retrieved via GitHub auth
[2024-07-16 02:27:17Z INFO RunnerServer] EstablishVssConnection
[2024-07-16 02:27:17Z INFO RunnerServer] Establish connection with 100 seconds timeout.
[2024-07-16 02:27:17Z INFO GitHubActionsService] Starting operation Location.GetConnectionData
[2024-07-16 02:27:17Z INFO RunnerServer] EstablishVssConnection
[2024-07-16 02:27:17Z INFO RunnerServer] Establish connection with 60 seconds timeout.
[2024-07-16 02:27:17Z INFO GitHubActionsService] Starting operation Location.GetConnectionData
[2024-07-16 02:27:17Z INFO RunnerServer] EstablishVssConnection
[2024-07-16 02:27:17Z INFO RunnerServer] Establish connection with 60 seconds timeout.
[2024-07-16 02:27:17Z INFO GitHubActionsService] Starting operation Location.GetConnectionData
[2024-07-16 02:27:17Z INFO GitHubActionsService] Finished operation Location.GetConnectionData
[2024-07-16 02:27:17Z INFO GitHubActionsService] Finished operation Location.GetConnectionData
[2024-07-16 02:27:17Z INFO GitHubActionsService] Finished operation Location.GetConnectionData
[2024-07-16 02:27:18Z INFO Terminal] WRITE LINE: 
[2024-07-16 02:27:18Z INFO ConfigurationManager] Test Connection complete.
[2024-07-16 02:27:18Z INFO HostContext] Well known directory 'Bin': '/home/alan/assignment-4/assignment-4-thealanizquierdo/actions-runner/bin'
[2024-07-16 02:27:18Z INFO HostContext] Well known directory 'Root': '/home/alan/assignment-4/assignment-4-thealanizquierdo/actions-runner'
[2024-07-16 02:27:18Z INFO HostContext] Well known config file 'RSACredentials': '/home/alan/assignment-4/assignment-4-thealanizquierdo/actions-runner/.credentials_rsaparams'
[2024-07-16 02:27:18Z INFO RSAFileKeyManager] Creating new RSA key using 2048-bit key length
[2024-07-16 02:27:18Z INFO RSAFileKeyManager] Successfully saved RSA key parameters to file /home/alan/assignment-4/assignment-4-thealanizquierdo/actions-runner/.credentials_rsaparams
[2024-07-16 02:27:18Z INFO RSAFileKeyManager] Which2: 'chmod'
[2024-07-16 02:27:18Z INFO RSAFileKeyManager] Location: '/usr/bin/chmod'
[2024-07-16 02:27:18Z INFO HostContext] Well known directory 'Bin': '/home/alan/assignment-4/assignment-4-thealanizquierdo/actions-runner/bin'
[2024-07-16 02:27:18Z INFO HostContext] Well known directory 'Root': '/home/alan/assignment-4/assignment-4-thealanizquierdo/actions-runner'
[2024-07-16 02:27:18Z INFO ProcessInvokerWrapper] Starting process:
[2024-07-16 02:27:18Z INFO ProcessInvokerWrapper]   File name: '/usr/bin/chmod'
[2024-07-16 02:27:18Z INFO ProcessInvokerWrapper]   Arguments: '600 /home/alan/assignment-4/assignment-4-thealanizquierdo/actions-runner/.credentials_rsaparams'
[2024-07-16 02:27:18Z INFO ProcessInvokerWrapper]   Working directory: '/home/alan/assignment-4/assignment-4-thealanizquierdo/actions-runner'
[2024-07-16 02:27:18Z INFO ProcessInvokerWrapper]   Require exit code zero: 'False'
[2024-07-16 02:27:18Z INFO ProcessInvokerWrapper]   Encoding web name:  ; code page: ''
[2024-07-16 02:27:18Z INFO ProcessInvokerWrapper]   Force kill process on cancellation: 'False'
[2024-07-16 02:27:18Z INFO ProcessInvokerWrapper]   Redirected STDIN: 'False'
[2024-07-16 02:27:18Z INFO ProcessInvokerWrapper]   Persist current code page: 'False'
[2024-07-16 02:27:18Z INFO ProcessInvokerWrapper]   Keep redirected STDIN open: 'False'
[2024-07-16 02:27:18Z INFO ProcessInvokerWrapper]   High priority process: 'False'
[2024-07-16 02:27:18Z INFO ProcessInvokerWrapper] Process started with process id 241713, waiting for process exit.
[2024-07-16 02:27:18Z INFO ProcessInvokerWrapper] STDOUT/STDERR stream read finished.
[2024-07-16 02:27:18Z INFO ProcessInvokerWrapper] STDOUT/STDERR stream read finished.
[2024-07-16 02:27:18Z INFO ProcessInvokerWrapper] Finished process 241713 with exit code 0, and elapsed time 00:00:00.0185351.
[2024-07-16 02:27:18Z INFO RSAFileKeyManager] Successfully set permissions for RSA key parameters file /home/alan/assignment-4/assignment-4-thealanizquierdo/actions-runner/.credentials_rsaparams
[2024-07-16 02:27:18Z INFO CommandSettings] Arg 'runnergroup': ''
[2024-07-16 02:27:18Z INFO CommandSettings] Flag 'unattended': 'False'
[2024-07-16 02:27:18Z INFO PromptManager] ReadValue
[2024-07-16 02:27:18Z INFO Terminal] WRITE: Enter the name of the runner group to add this runner to: 
[2024-07-16 02:27:18Z INFO Terminal] WRITE: [press Enter for Default] 
[2024-07-16 02:27:18Z INFO Terminal] READ LINE
[2024-07-16 02:27:19Z INFO Terminal] Read value: ''
[2024-07-16 02:27:19Z INFO PromptManager] Falling back to the default: 'Default'
[2024-07-16 02:27:19Z INFO Terminal] WRITE LINE: 
[2024-07-16 02:27:19Z INFO ConfigurationManager] Found a self-hosted runner group with id 1 and name Default
[2024-07-16 02:27:19Z INFO CommandSettings] Flag 'disableupdate': 'False'
[2024-07-16 02:27:19Z INFO CommandSettings] Flag 'ephemeral': 'False'
[2024-07-16 02:27:19Z INFO CommandSettings] Arg 'name': ''
[2024-07-16 02:27:19Z INFO CommandSettings] Flag 'unattended': 'False'
[2024-07-16 02:27:19Z INFO PromptManager] ReadValue
[2024-07-16 02:27:19Z INFO Terminal] WRITE: Enter the name of runner: 
[2024-07-16 02:27:19Z INFO Terminal] WRITE: [press Enter for Unbuntu] 
[2024-07-16 02:27:19Z INFO Terminal] READ LINE
[2024-07-16 02:27:20Z INFO Terminal] Read value: ''
[2024-07-16 02:27:20Z INFO PromptManager] Falling back to the default: 'Unbuntu'
[2024-07-16 02:27:20Z INFO Terminal] WRITE LINE: 
[2024-07-16 02:27:20Z INFO CommandSettings] Arg 'labels': ''
[2024-07-16 02:27:20Z INFO CommandSettings] Flag 'unattended': 'False'
[2024-07-16 02:27:20Z INFO PromptManager] ReadValue
[2024-07-16 02:27:20Z INFO Terminal] WRITE: This runner will have the following labels: 'self-hosted', 'Linux', 'X64' 
Enter any additional labels (ex. label-1,label-2): 
[2024-07-16 02:27:20Z INFO Terminal] WRITE: [press Enter to skip] 
[2024-07-16 02:27:20Z INFO Terminal] READ LINE
[2024-07-16 02:27:20Z INFO Terminal] Read value: ''
[2024-07-16 02:27:20Z INFO Terminal] WRITE LINE: 
[2024-07-16 02:27:20Z INFO CommandSettings] Flag 'disableupdate': 'False'
[2024-07-16 02:27:20Z INFO CommandSettings] Flag 'no-default-labels': 'False'
[2024-07-16 02:27:21Z INFO CommandSettings] Flag 'disableupdate': 'False'
[2024-07-16 02:27:21Z INFO CommandSettings] Flag 'ephemeral': 'False'
[2024-07-16 02:27:21Z INFO ConfigurationStore] Saving OAuth credential @ /home/alan/assignment-4/assignment-4-thealanizquierdo/actions-runner/.credentials
[2024-07-16 02:27:21Z INFO ConfigurationStore] Credentials Saved.
[2024-07-16 02:27:21Z INFO ConfigurationStore] HasCredentials()
[2024-07-16 02:27:21Z INFO ConfigurationStore] stored True
[2024-07-16 02:27:21Z INFO CredentialManager] GetCredentialProvider
[2024-07-16 02:27:21Z INFO CredentialManager] Creating type OAuth
[2024-07-16 02:27:21Z INFO CredentialManager] Creating credential type: OAuth
[2024-07-16 02:27:21Z INFO RSAFileKeyManager] Loading RSA key parameters from file /home/alan/assignment-4/assignment-4-thealanizquierdo/actions-runner/.credentials_rsaparams
[2024-07-16 02:27:21Z INFO RunnerServer] EstablishVssConnection
[2024-07-16 02:27:21Z INFO RunnerServer] Establish connection with 100 seconds timeout.
[2024-07-16 02:27:21Z INFO GitHubActionsService] Starting operation Location.GetConnectionData
[2024-07-16 02:27:21Z INFO RunnerServer] EstablishVssConnection
[2024-07-16 02:27:21Z INFO RunnerServer] Establish connection with 60 seconds timeout.
[2024-07-16 02:27:21Z INFO GitHubActionsService] Starting operation Location.GetConnectionData
[2024-07-16 02:27:21Z INFO RunnerServer] EstablishVssConnection
[2024-07-16 02:27:21Z INFO RunnerServer] Establish connection with 60 seconds timeout.
[2024-07-16 02:27:21Z INFO GitHubActionsService] Starting operation Location.GetConnectionData
[2024-07-16 02:27:21Z INFO GitHubActionsService] Finished operation Location.GetConnectionData
[2024-07-16 02:27:21Z INFO GitHubActionsService] Finished operation Location.GetConnectionData
[2024-07-16 02:27:21Z INFO GitHubActionsService] Finished operation Location.GetConnectionData
[2024-07-16 02:27:21Z INFO RSAFileKeyManager] Loading RSA key parameters from file /home/alan/assignment-4/assignment-4-thealanizquierdo/actions-runner/.credentials_rsaparams
[2024-07-16 02:27:21Z INFO RSAFileKeyManager] Loading RSA key parameters from file /home/alan/assignment-4/assignment-4-thealanizquierdo/actions-runner/.credentials_rsaparams
[2024-07-16 02:27:21Z INFO GitHubActionsService] AAD Correlation ID for this token request: Unknown
[2024-07-16 02:27:21Z INFO CommandSettings] Arg 'work': ''
[2024-07-16 02:27:21Z INFO CommandSettings] Flag 'unattended': 'False'
[2024-07-16 02:27:21Z INFO PromptManager] ReadValue
[2024-07-16 02:27:21Z INFO Terminal] WRITE: Enter name of work folder: 
[2024-07-16 02:27:21Z INFO Terminal] WRITE: [press Enter for _work] 
[2024-07-16 02:27:21Z INFO Terminal] READ LINE
[2024-07-16 02:27:22Z INFO Terminal] Read value: ''
[2024-07-16 02:27:22Z INFO PromptManager] Falling back to the default: '_work'
[2024-07-16 02:27:22Z INFO ConfigurationStore] Saving runner settings.
[2024-07-16 02:27:23Z INFO ConfigurationStore] Settings Saved.
[2024-07-16 02:27:23Z INFO Terminal] WRITE LINE: 
[2024-07-16 02:27:23Z INFO Terminal] WRITE LINE: 
[2024-07-16 02:27:23Z INFO SystemDControlManager] Service name 'actions.runner.cu-ecen-aeld-assignment-4-thealanizquierdo.Unbuntu.service' display name 'GitHub Actions Runner (cu-ecen-aeld-assignment-4-thealanizquierdo.Unbuntu)' will be used for service configuration.
[2024-07-16 02:27:23Z INFO HostContext] Well known directory 'Bin': '/home/alan/assignment-4/assignment-4-thealanizquierdo/actions-runner/bin'
[2024-07-16 02:27:23Z INFO HostContext] Well known directory 'Root': '/home/alan/assignment-4/assignment-4-thealanizquierdo/actions-runner'
[2024-07-16 02:27:23Z INFO HostContext] Well known directory 'Bin': '/home/alan/assignment-4/assignment-4-thealanizquierdo/actions-runner/bin'
[2024-07-16 02:27:23Z INFO HostContext] Well known directory 'Bin': '/home/alan/assignment-4/assignment-4-thealanizquierdo/actions-runner/bin'
[2024-07-16 02:27:23Z INFO HostContext] Well known directory 'Root': '/home/alan/assignment-4/assignment-4-thealanizquierdo/actions-runner'
[2024-07-16 02:27:23Z INFO UnixUtil] Which2: 'chmod'
[2024-07-16 02:27:23Z INFO UnixUtil] Location: '/usr/bin/chmod'
[2024-07-16 02:27:23Z INFO UnixUtil] Running /usr/bin/chmod 755 "/home/alan/assignment-4/assignment-4-thealanizquierdo/actions-runner/svc.sh"
[2024-07-16 02:27:23Z INFO ProcessInvokerWrapper] Starting process:
[2024-07-16 02:27:23Z INFO ProcessInvokerWrapper]   File name: '/usr/bin/chmod'
[2024-07-16 02:27:23Z INFO ProcessInvokerWrapper]   Arguments: '755 "/home/alan/assignment-4/assignment-4-thealanizquierdo/actions-runner/svc.sh"'
[2024-07-16 02:27:23Z INFO ProcessInvokerWrapper]   Working directory: '/home/alan/assignment-4/assignment-4-thealanizquierdo/actions-runner'
[2024-07-16 02:27:23Z INFO ProcessInvokerWrapper]   Require exit code zero: 'True'
[2024-07-16 02:27:23Z INFO ProcessInvokerWrapper]   Encoding web name:  ; code page: ''
[2024-07-16 02:27:23Z INFO ProcessInvokerWrapper]   Force kill process on cancellation: 'False'
[2024-07-16 02:27:23Z INFO ProcessInvokerWrapper]   Redirected STDIN: 'False'
[2024-07-16 02:27:23Z INFO ProcessInvokerWrapper]   Persist current code page: 'False'
[2024-07-16 02:27:23Z INFO ProcessInvokerWrapper]   Keep redirected STDIN open: 'False'
[2024-07-16 02:27:23Z INFO ProcessInvokerWrapper]   High priority process: 'False'
[2024-07-16 02:27:23Z INFO ProcessInvokerWrapper] Updated oom_score_adj to 500 for PID: 241716.
[2024-07-16 02:27:23Z INFO ProcessInvokerWrapper] Process started with process id 241716, waiting for process exit.
[2024-07-16 02:27:23Z INFO ProcessInvokerWrapper] STDOUT/STDERR stream read finished.
[2024-07-16 02:27:23Z INFO ProcessInvokerWrapper] STDOUT/STDERR stream read finished.
[2024-07-16 02:27:23Z INFO ProcessInvokerWrapper] Finished process 241716 with exit code 0, and elapsed time 00:00:00.0041044.
[2024-07-16 02:27:23Z INFO Listener] Runner execution has finished with return code 0
